Wed Jan 08 15:25:22 CET 2020;ServerSide.ServerSideMain;INFO;main;<--- Start listening to clients --->;
Wed Jan 08 15:25:23 CET 2020;ServerSide.AcceptClients;INFO;run;---> Client number 1 is connected. <---;
Wed Jan 08 15:25:31 CET 2020;ServerSide.AcceptClients;INFO;run;New user added in DB : Pierre;
Wed Jan 08 15:25:31 CET 2020;ServerSide.AcceptClients;INFO;run;New folder created for the new user : Pierre;
Wed Jan 08 15:25:38 CET 2020;ServerSide.ReceivedAFile;SEVERE;receivedAFile;Failed to receive file.;
Wed Jan 08 15:26:23 CET 2020;ServerSide.ServerSideMain;INFO;main;<--- Start listening to clients --->;
Wed Jan 08 15:26:24 CET 2020;ServerSide.AcceptClients;INFO;run;---> Client number 1 is connected. <---;
Wed Jan 08 15:26:27 CET 2020;ServerSide.AcceptClients;INFO;run;User connection accepted for : Aurelien;
Wed Jan 08 15:26:35 CET 2020;ServerSide.ReceivedAFile;SEVERE;receivedAFile;Failed to receive file.;
Wed Jan 08 15:27:38 CET 2020;ServerSide.ServerSideMain;INFO;main;<--- Start listening to clients --->;
Wed Jan 08 15:27:39 CET 2020;ServerSide.AcceptClients;INFO;run;---> Client number 1 is connected. <---;
Wed Jan 08 15:27:46 CET 2020;ServerSide.AcceptClients;INFO;run;User connection accepted for : Pierre;
Wed Jan 08 15:27:57 CET 2020;ServerSide.ReceivedAFile;INFO;receivedAFile;File name :Headtitle.html, received from :Pierre;
Wed Jan 08 15:27:57 CET 2020;ServerSide.ReceivedAFile;INFO;receivedAFile;File length :432, received from :Pierre;
Wed Jan 08 15:32:03 CET 2020;ServerSide.ReceivedAFile;SEVERE;receivedAFile;Failed to receive file.;
Wed Jan 08 15:32:06 CET 2020;ServerSide.ServerSideMain;INFO;main;<--- Start listening to clients --->;
Wed Jan 08 15:32:07 CET 2020;ServerSide.AcceptClients;INFO;run;---> Client number 1 is connected. <---;
Wed Jan 08 15:32:10 CET 2020;ServerSide.AcceptClients;INFO;run;User connection accepted for : Aurelien;
Wed Jan 08 15:32:16 CET 2020;ServerSide.ReceivedAFile;INFO;receivedAFile;File name :Page1.html, received from :Aurelien;
Wed Jan 08 15:32:16 CET 2020;ServerSide.ReceivedAFile;INFO;receivedAFile;File length :283, received from :Aurelien;
Wed Jan 08 15:33:23 CET 2020;ServerSide.ReceivedAFile;SEVERE;receivedAFile;Failed to receive file.;
Wed Jan 08 15:33:25 CET 2020;ServerSide.ServerSideMain;INFO;main;<--- Start listening to clients --->;
Wed Jan 08 15:33:26 CET 2020;ServerSide.AcceptClients;INFO;run;---> Client number 1 is connected. <---;
Wed Jan 08 15:33:29 CET 2020;ServerSide.AcceptClients;INFO;run;User connection accepted for : Aurelien;
Wed Jan 08 15:33:39 CET 2020;ServerSide.ReceivedAFile;INFO;receivedAFile;File name :Page2.html, received from :Aurelien;
Wed Jan 08 15:33:39 CET 2020;ServerSide.ReceivedAFile;INFO;receivedAFile;File length :352, received from :Aurelien;
Wed Jan 08 15:33:39 CET 2020;ServerSide.ReceivedAFile;INFO;receivedAFile;Bytes received : 60 33 68 79 67 84 89 80 69 32 104 116 109 108 62 13 10 60 104 116 109 108 62 13 10 32 32 32 32 60 104 101 97 100 62 13 10 32 32 32 32 32 32 32 32 60 109 101 116 97 32 99 104 97 114 115 101 116 61 34 117 116 102 45 56 34 32 47 62 13 10 32 32 32 32 32 32 32 32 60 116 105 116 108 101 62 76 105 101 110 115 60 47 116 105 116 108 101 62 13 10 32 32 32 32 60 47 104 101 97 100 62 13 10 9 13 10 9 60 98 111 100 121 62 13 10 32 32 32 32 32 32 32 32 60 112 62 66 111 110 106 111 117 114 32 101 116 32 98 105 101 110 118 101 110 117 101 32 115 117 114 32 109 111 110 32 115 105 116 101 32 33 60 47 112 62 13 10 9 9 13 10 9 9 60 112 62 76 101 32 115 105 116 101 32 101 115 116 32 101 110 99 111 114 101 32 117 110 32 112 101 117 32 118 105 100 101 32 109 97 105 115 32 103 114 -61 -94 99 101 32 -61 -96 32 60 97 32 104 114 101 102 61 34 104 116 116 112 115 58 47 47 111 112 101 110 99 108 97 115 115 114 111 111 109 115 46 99 111 109 34 62 79 112 101 110 67 108 97 115 115 114 111 111 109 115 60 47 97 62 32 105 108 32 115 101 114 97 32 112 108 117 115 32 114 101 109 112 108 105 32 112 114 111 99 104 97 105 110 101 109 101 110 116 32 58 41 32 60 47 112 62 13 10 32 32 32 32 60 47 98 111 100 121 62 13 10 60 47 104 116 109 108 62 ;
Wed Jan 08 15:33:47 CET 2020;ServerSide.SendList;INFO;<init>;The list of available files for the user Aurelien has been correctly sent;
Wed Jan 08 15:34:20 CET 2020;ServerSide.ServerSideMain;INFO;main;<--- Start listening to clients --->;
Wed Jan 08 15:34:21 CET 2020;ServerSide.AcceptClients;INFO;run;---> Client number 1 is connected. <---;
Wed Jan 08 15:34:24 CET 2020;ServerSide.AcceptClients;INFO;run;User connection accepted for : Aurelien;
Wed Jan 08 15:34:42 CET 2020;ServerSide.ReceivedAFile;INFO;receivedAFile;File name :Headtitle.html, received from :Aurelien;
Wed Jan 08 15:34:42 CET 2020;ServerSide.ReceivedAFile;INFO;receivedAFile;File length :432, received from :Aurelien;
Wed Jan 08 15:34:53 CET 2020;ServerSide.ReceivedAFile;SEVERE;receivedAFile;Failed to receive file.;
Wed Jan 08 15:35:30 CET 2020;ServerSide.ServerSideMain;INFO;main;<--- Start listening to clients --->;
Wed Jan 08 15:35:31 CET 2020;ServerSide.AcceptClients;INFO;run;---> Client number 1 is connected. <---;
Wed Jan 08 15:35:34 CET 2020;ServerSide.AcceptClients;INFO;run;User connection accepted for : Aurelien;
Wed Jan 08 15:35:43 CET 2020;ServerSide.ReceivedAFile;INFO;receivedAFile;File name :Page1.html, received from :Aurelien;
Wed Jan 08 15:35:43 CET 2020;ServerSide.ReceivedAFile;INFO;receivedAFile;File length :283, received from :Aurelien;
Wed Jan 08 15:35:55 CET 2020;ServerSide.ReceivedAFile;SEVERE;receivedAFile;Failed to receive file.;
Wed Jan 08 15:36:07 CET 2020;ServerSide.ServerSideMain;INFO;main;<--- Start listening to clients --->;
Wed Jan 08 15:36:07 CET 2020;ServerSide.AcceptClients;INFO;run;---> Client number 1 is connected. <---;
Wed Jan 08 15:36:10 CET 2020;ServerSide.AcceptClients;INFO;run;User connection accepted for : Aurelien;
Wed Jan 08 15:36:16 CET 2020;ServerSide.ReceivedAFile;INFO;receivedAFile;File name :Page2.html, received from :Aurelien;
Wed Jan 08 15:36:16 CET 2020;ServerSide.ReceivedAFile;INFO;receivedAFile;File length :352, received from :Aurelien;
Wed Jan 08 15:36:20 CET 2020;ServerSide.ReceivedAFile;SEVERE;receivedAFile;Failed to receive file.;
Wed Jan 08 15:36:49 CET 2020;ServerSide.ServerSideMain;INFO;main;<--- Start listening to clients --->;
Wed Jan 08 15:36:49 CET 2020;ServerSide.AcceptClients;INFO;run;---> Client number 1 is connected. <---;
Wed Jan 08 15:36:52 CET 2020;ServerSide.AcceptClients;WARNING;run;Failed to connect with the username : Aurelien;
Wed Jan 08 15:36:57 CET 2020;ServerSide.ServerSideMain;INFO;main;<--- Start listening to clients --->;
Wed Jan 08 15:36:58 CET 2020;ServerSide.AcceptClients;INFO;run;---> Client number 1 is connected. <---;
Wed Jan 08 15:37:00 CET 2020;ServerSide.AcceptClients;INFO;run;User connection accepted for : Aurelien;
Wed Jan 08 15:37:10 CET 2020;ServerSide.ReceivedAFile;INFO;receivedAFile;File name :Headtitle.html, received from :Aurelien;
Wed Jan 08 15:37:10 CET 2020;ServerSide.ReceivedAFile;INFO;receivedAFile;File length :432, received from :Aurelien;
Wed Jan 08 15:37:16 CET 2020;ServerSide.ReceivedAFile;SEVERE;receivedAFile;Failed to receive file.;
Wed Jan 08 15:37:30 CET 2020;ServerSide.ServerSideMain;INFO;main;<--- Start listening to clients --->;
Wed Jan 08 15:37:30 CET 2020;ServerSide.AcceptClients;INFO;run;---> Client number 1 is connected. <---;
Wed Jan 08 15:37:33 CET 2020;ServerSide.AcceptClients;INFO;run;User connection accepted for : Aurelien;
Wed Jan 08 15:37:37 CET 2020;ServerSide.ReceivedAFile;INFO;receivedAFile;File name :PremierePage.html, received from :Aurelien;
Wed Jan 08 15:37:37 CET 2020;ServerSide.ReceivedAFile;INFO;receivedAFile;File length :183, received from :Aurelien;
Wed Jan 08 15:38:13 CET 2020;ServerSide.ReceivedAFile;SEVERE;receivedAFile;Failed to receive file.;
Wed Jan 08 15:38:22 CET 2020;ServerSide.ServerSideMain;INFO;main;<--- Start listening to clients --->;
Wed Jan 08 15:38:23 CET 2020;ServerSide.AcceptClients;INFO;run;---> Client number 1 is connected. <---;
Wed Jan 08 15:38:25 CET 2020;ServerSide.AcceptClients;INFO;run;User connection accepted for : Aurelien;
Wed Jan 08 15:38:37 CET 2020;ServerSide.ReceivedAFile;INFO;receivedAFile;File name :OpenclassroomExemple.html, received from :Aurelien;
Wed Jan 08 15:38:37 CET 2020;ServerSide.ReceivedAFile;INFO;receivedAFile;File length :1045, received from :Aurelien;
Wed Jan 08 15:38:37 CET 2020;ServerSide.ReceivedAFile;INFO;receivedAFile;Bytes received : 60 33 68 79 67 84 89 80 69 32 104 116 109 108 62 13 10 60 104 116 109 108 62 13 10 60 104 101 97 100 62 13 10 32 32 32 32 60 109 101 116 97 32 99 104 97 114 115 101 116 61 34 117 116 102 45 56 34 32 47 62 13 10 32 32 32 32 60 116 105 116 108 101 62 80 114 -61 -87 115 101 110 116 97 116 105 111 110 32 100 39 79 112 101 110 67 108 97 115 115 114 111 111 109 115 60 47 116 105 116 108 101 62 13 10 60 47 104 101 97 100 62 13 10 13 10 60 98 111 100 121 62 13 10 32 32 32 32 60 104 49 62 66 105 101 110 118 101 110 117 101 32 115 117 114 32 79 112 101 110 67 108 97 115 115 114 111 111 109 115 32 33 60 47 104 49 62 13 10 13 10 32 32 32 32 60 112 62 66 111 110 106 111 117 114 32 101 116 32 98 105 101 110 118 101 110 117 101 32 115 117 114 32 109 111 110 32 115 105 116 101 32 58 32 79 112 101 110 67 108 97 115 115 114 111 111 109 115 46 60 98 114 32 47 62 13 10 32 32 32 32 32 32 32 79 112 101 110 67 108 97 115 115 114 111 111 109 115 44 32 113 117 39 101 115 116 45 99 101 32 113 117 101 32 99 39 101 115 116 32 63 60 47 112 62 13 10 13 10 32 32 32 32 60 104 50 62 68 101 115 32 99 111 117 114 115 32 112 111 117 114 32 100 -61 -87 98 117 116 97 110 116 115 60 47 104 50 62 13 10 32 32 32 32 13 10 32 32 32 32 60 112 62 79 112 101 110 67 108 97 115 115 114 111 111 109 115 32 118 111 117 115 32 112 114 111 112 111 115 101 32 100 101 115 32 99 111 117 114 115 32 40 116 117 116 111 114 105 101 108 115 41 32 100 101 115 116 105 110 -61 -87 115 32 97 117 120 32 100 -61 -87 98 117 116 97 110 116 115 32 58 32 97 117 99 117 110 101 32 99 111 110 110 97 105 115 115 97 110 99 101 32 110 39 101 115 116 32 114 101 113 117 105 115 101 32 112 111 117 114 32 108 105 114 101 32 99 101 115 32 99 111 117 114 115 32 33 60 47 112 62 13 10 32 32 32 32 13 10 32 32 32 32 60 112 62 86 111 117 115 32 112 111 117 114 114 101 122 32 97 105 110 115 105 32 97 112 112 114 101 110 100 114 101 44 32 115 97 110 115 32 114 105 101 110 32 121 32 99 111 110 110 97 -61 -82 116 114 101 32 97 117 112 97 114 97 118 97 110 116 44 32 -61 -96 32 99 114 -61 -87 101 114 32 117 110 32 115 105 116 101 32 119 101 98 44 32 -61 -96 32 112 114 111 103 114 97 109 109 101 114 44 32 -61 -96 32 99 111 110 115 116 114 117 105 114 101 32 100 101 115 32 109 111 110 100 101 115 32 101 110 32 51 68 32 33 60 47 112 62 13 10 13 10 32 32 32 32 60 104 50 62 85 110 101 32 99 111 109 109 117 110 97 117 116 -61 -87 32 97 99 116 105 118 101 60 47 104 50 62 13 10 32 32 32 32 13 10 32 32 32 32 60 112 62 86 111 117 115 32 97 118 101 122 32 117 110 32 112 114 111 98 108 -61 -88 109 101 44 32 117 110 32 -61 -87 108 -61 -87 109 101 110 116 32 100 117 32 99 111 117 114 115 32 113 117 101 32 118 111 117 115 32 110 101 32 99 111 109 112 114 101 110 101 122 32 112 97 115 32 63 32 86 111 117 115 32 97 118 101 122 32 98 101 115 111 105 110 32 100 39 97 105 100 101 32 112 111 117 114 32 99 114 -61 -87 101 114 32 118 111 116 114 101 32 115 105 116 101 32 63 60 98 114 32 47 62 13 10 32 32 32 32 82 101 110 100 101 122 45 118 111 117 115 32 115 117 114 32 108 101 115 32 102 111 114 117 109 115 32 33 32 86 111 117 115 32 121 32 100 -61 -87 99 111 117 118 114 105 114 101 122 32 113 117 101 32 118 111 117 115 32 110 39 -61 -86 116 101 115 32 112 97 115 32 108 101 32 115 101 117 108 32 100 97 110 115 32 99 101 32 99 97 115 32 101 116 32 118 111 117 115 32 116 114 111 117 118 101 114 101 122 32 116 114 -61 -88 115 32 99 101 114 116 97 105 110 101 109 101 110 116 32 113 117 101 108 113 117 39 117 110 32 113 117 105 32 118 111 117 115 32 97 105 100 101 114 97 32 97 105 109 97 98 108 101 109 101 110 116 32 -61 -96 32 114 -61 -87 115 111 117 100 114 101 32 118 111 116 114 101 32 112 114 111 98 108 -61 -88 109 101 46 60 47 112 62 13 10 60 47 98 111 100 121 62 13 10 60 47 104 116 109 108 62 ;
Wed Jan 08 15:40:03 CET 2020;ServerSide.ServerSideMain;INFO;main;<--- Start listening to clients --->;
Wed Jan 08 15:40:04 CET 2020;ServerSide.AcceptClients;INFO;run;---> Client number 1 is connected. <---;
Wed Jan 08 15:40:06 CET 2020;ServerSide.AcceptClients;INFO;run;User connection accepted for : Aurelien;
Wed Jan 08 15:40:11 CET 2020;ServerSide.ReceivedAFile;INFO;receivedAFile; File name :Lien.html, File length :352, received from :Aurelien;
Wed Jan 08 15:40:11 CET 2020;ServerSide.ReceivedAFile;INFO;receivedAFile;Bytes received : 60 33 68 79 67 84 89 80 69 32 104 116 109 108 62 13 10 60 104 116 109 108 62 13 10 32 32 32 32 60 104 101 97 100 62 13 10 32 32 32 32 32 32 32 32 60 109 101 116 97 32 99 104 97 114 115 101 116 61 34 117 116 102 45 56 34 32 47 62 13 10 32 32 32 32 32 32 32 32 60 116 105 116 108 101 62 76 105 101 110 115 60 47 116 105 116 108 101 62 13 10 32 32 32 32 60 47 104 101 97 100 62 13 10 9 13 10 9 60 98 111 100 121 62 13 10 32 32 32 32 32 32 32 32 60 112 62 66 111 110 106 111 117 114 32 101 116 32 98 105 101 110 118 101 110 117 101 32 115 117 114 32 109 111 110 32 115 105 116 101 32 33 60 47 112 62 13 10 9 9 13 10 9 9 60 112 62 76 101 32 115 105 116 101 32 101 115 116 32 101 110 99 111 114 101 32 117 110 32 112 101 117 32 118 105 100 101 32 109 97 105 115 32 103 114 -61 -94 99 101 32 -61 -96 32 60 97 32 104 114 101 102 61 34 104 116 116 112 115 58 47 47 111 112 101 110 99 108 97 115 115 114 111 111 109 115 46 99 111 109 34 62 79 112 101 110 67 108 97 115 115 114 111 111 109 115 60 47 97 62 32 105 108 32 115 101 114 97 32 112 108 117 115 32 114 101 109 112 108 105 32 112 114 111 99 104 97 105 110 101 109 101 110 116 32 58 41 32 60 47 112 62 13 10 32 32 32 32 60 47 98 111 100 121 62 13 10 60 47 104 116 109 108 62 ;
Wed Jan 08 15:59:31 CET 2020;ServerSide.ServerSideMain;INFO;main;<--- Start listening to clients --->;
Wed Jan 08 15:59:32 CET 2020;ServerSide.AcceptClients;INFO;run;---> Client number 1 is connected. <---;
Wed Jan 08 15:59:40 CET 2020;ServerSide.AcceptClients;INFO;run;User connection accepted for : Aurelien;
Wed Jan 08 15:59:54 CET 2020;ServerSide.ReceivedAFile;INFO;receivedAFile; File name : Headtitle.html, File length : 432, received from : Aurelien;
Wed Jan 08 15:59:54 CET 2020;ServerSide.ReceivedAFile;INFO;receivedAFile;File : Headtitle.html, Bytes received : 60 33 68 79 67 84 89 80 69 32 104 116 109 108 62 13 10 60 104 116 109 108 62 13 10 32 32 32 32 60 104 101 97 100 62 13 10 32 32 32 32 32 32 32 32 60 109 101 116 97 32 99 104 97 114 115 101 116 61 34 117 116 102 45 56 34 32 47 62 13 10 32 32 32 32 32 32 32 32 60 116 105 116 108 101 62 78 105 118 101 97 117 120 32 100 101 32 116 105 116 114 101 115 60 47 116 105 116 108 101 62 13 10 32 32 32 32 60 47 104 101 97 100 62 13 10 13 10 32 32 32 32 60 98 111 100 121 62 13 10 32 32 32 32 32 32 32 32 60 104 49 62 84 105 116 114 101 32 115 117 112 101 114 32 105 109 112 111 114 116 97 110 116 60 47 104 49 62 13 10 32 32 32 32 32 32 32 32 60 104 50 62 84 105 116 114 101 32 105 109 112 111 114 116 97 110 116 60 47 104 50 62 13 10 32 32 32 32 32 32 32 32 60 104 51 62 84 105 116 114 101 32 117 110 32 112 101 117 32 109 111 105 110 115 32 105 109 112 111 114 116 97 110 116 32 40 115 111 117 115 45 116 105 116 114 101 41 60 47 104 51 62 13 10 13 10 32 32 32 32 32 32 32 32 60 104 52 62 84 105 116 114 101 32 112 97 115 32 116 114 111 112 32 105 109 112 111 114 116 97 110 116 60 47 104 52 62 13 10 32 32 32 32 32 32 32 32 60 104 53 62 84 105 116 114 101 32 112 97 115 32 105 109 112 111 114 116 97 110 116 60 47 104 53 62 13 10 32 32 32 32 32 32 32 32 60 104 54 62 84 105 116 114 101 32 118 114 97 105 109 101 110 116 32 112 97 115 32 105 109 112 111 114 116 97 110 116 32 100 117 32 116 111 117 116 60 47 104 54 62 13 10 32 32 32 32 60 47 98 111 100 121 62 13 10 60 47 104 116 109 108 62 ;
Wed Jan 08 16:00:38 CET 2020;ServerSide.ServerSideMain;INFO;main;<--- Start listening to clients --->;
Wed Jan 08 16:00:39 CET 2020;ServerSide.AcceptClients;INFO;run;---> Client number 1 is connected. <---;
Wed Jan 08 16:00:44 CET 2020;ServerSide.AcceptClients;INFO;run;User connection accepted for : Aurelien;
Wed Jan 08 16:00:49 CET 2020;ServerSide.ReceivedAFile;INFO;receivedAFile; File name : Page2.html, File length : 352, received from : Aurelien;
Wed Jan 08 16:00:49 CET 2020;ServerSide.ReceivedAFile;INFO;receivedAFile;File : Page2.html, Bytes received : 60 33 68 79 67 84 89 80 69 32 104 116 109 108 62 13 10 60 104 116 109 108 62 13 10 32 32 32 32 60 104 101 97 100 62 13 10 32 32 32 32 32 32 32 32 60 109 101 116 97 32 99 104 97 114 115 101 116 61 34 117 116 102 45 56 34 32 47 62 13 10 32 32 32 32 32 32 32 32 60 116 105 116 108 101 62 76 105 101 110 115 60 47 116 105 116 108 101 62 13 10 32 32 32 32 60 47 104 101 97 100 62 13 10 9 13 10 9 60 98 111 100 121 62 13 10 32 32 32 32 32 32 32 32 60 112 62 66 111 110 106 111 117 114 32 101 116 32 98 105 101 110 118 101 110 117 101 32 115 117 114 32 109 111 110 32 115 105 116 101 32 33 60 47 112 62 13 10 9 9 13 10 9 9 60 112 62 76 101 32 115 105 116 101 32 101 115 116 32 101 110 99 111 114 101 32 117 110 32 112 101 117 32 118 105 100 101 32 109 97 105 115 32 103 114 -61 -94 99 101 32 -61 -96 32 60 97 32 104 114 101 102 61 34 104 116 116 112 115 58 47 47 111 112 101 110 99 108 97 115 115 114 111 111 109 115 46 99 111 109 34 62 79 112 101 110 67 108 97 115 115 114 111 111 109 115 60 47 97 62 32 105 108 32 115 101 114 97 32 112 108 117 115 32 114 101 109 112 108 105 32 112 114 111 99 104 97 105 110 101 109 101 110 116 32 58 41 32 60 47 112 62 13 10 32 32 32 32 60 47 98 111 100 121 62 13 10 60 47 104 116 109 108 62 ;
Wed Jan 08 16:01:47 CET 2020;ServerSide.ServerSideMain;INFO;main;<--- Start listening to clients --->;
Wed Jan 08 16:01:48 CET 2020;ServerSide.AcceptClients;INFO;run;---> Client number 1 is connected. <---;
Wed Jan 08 16:01:52 CET 2020;ServerSide.AcceptClients;INFO;run;User connection accepted for : Aurelien;
Wed Jan 08 16:01:57 CET 2020;ServerSide.ReceivedAFile;INFO;receivedAFile; File name : OpenclassroomExemple.html, File length : 1045, received from : Aurelien;
Wed Jan 08 16:01:57 CET 2020;ServerSide.ReceivedAFile;INFO;receivedAFile;File : OpenclassroomExemple.html, Bytes received : 60 33 68 79 67 84 89 80 69 32 104 116 109 108 62 13 10 60 104 116 109 108 62 13 10 60 104 101 97 100 62 13 10 32 32 32 32 60 109 101 116 97 32 99 104 97 114 115 101 116 61 34 117 116 102 45 56 34 32 47 62 13 10 32 32 32 32 60 116 105 116 108 101 62 80 114 -61 -87 115 101 110 116 97 116 105 111 110 32 100 39 79 112 101 110 67 108 97 115 115 114 111 111 109 115 60 47 116 105 116 108 101 62 13 10 60 47 104 101 97 100 62 13 10 13 10 60 98 111 100 121 62 13 10 32 32 32 32 60 104 49 62 66 105 101 110 118 101 110 117 101 32 115 117 114 32 79 112 101 110 67 108 97 115 115 114 111 111 109 115 32 33 60 47 104 49 62 13 10 13 10 32 32 32 32 60 112 62 66 111 110 106 111 117 114 32 101 116 32 98 105 101 110 118 101 110 117 101 32 115 117 114 32 109 111 110 32 115 105 116 101 32 58 32 79 112 101 110 67 108 97 115 115 114 111 111 109 115 46 60 98 114 32 47 62 13 10 32 32 32 32 32 32 32 79 112 101 110 67 108 97 115 115 114 111 111 109 115 44 32 113 117 39 101 115 116 45 99 101 32 113 117 101 32 99 39 101 115 116 32 63 60 47 112 62 13 10 13 10 32 32 32 32 60 104 50 62 68 101 115 32 99 111 117 114 115 32 112 111 117 114 32 100 -61 -87 98 117 116 97 110 116 115 60 47 104 50 62 13 10 32 32 32 32 13 10 32 32 32 32 60 112 62 79 112 101 110 67 108 97 115 115 114 111 111 109 115 32 118 111 117 115 32 112 114 111 112 111 115 101 32 100 101 115 32 99 111 117 114 115 32 40 116 117 116 111 114 105 101 108 115 41 32 100 101 115 116 105 110 -61 -87 115 32 97 117 120 32 100 -61 -87 98 117 116 97 110 116 115 32 58 32 97 117 99 117 110 101 32 99 111 110 110 97 105 115 115 97 110 99 101 32 110 39 101 115 116 32 114 101 113 117 105 115 101 32 112 111 117 114 32 108 105 114 101 32 99 101 115 32 99 111 117 114 115 32 33 60 47 112 62 13 10 32 32 32 32 13 10 32 32 32 32 60 112 62 86 111 117 115 32 112 111 117 114 114 101 122 32 97 105 110 115 105 32 97 112 112 114 101 110 100 114 101 44 32 115 97 110 115 32 114 105 101 110 32 121 32 99 111 110 110 97 -61 -82 116 114 101 32 97 117 112 97 114 97 118 97 110 116 44 32 -61 -96 32 99 114 -61 -87 101 114 32 117 110 32 115 105 116 101 32 119 101 98 44 32 -61 -96 32 112 114 111 103 114 97 109 109 101 114 44 32 -61 -96 32 99 111 110 115 116 114 117 105 114 101 32 100 101 115 32 109 111 110 100 101 115 32 101 110 32 51 68 32 33 60 47 112 62 13 10 13 10 32 32 32 32 60 104 50 62 85 110 101 32 99 111 109 109 117 110 97 117 116 -61 -87 32 97 99 116 105 118 101 60 47 104 50 62 13 10 32 32 32 32 13 10 32 32 32 32 60 112 62 86 111 117 115 32 97 118 101 122 32 117 110 32 112 114 111 98 108 -61 -88 109 101 44 32 117 110 32 -61 -87 108 -61 -87 109 101 110 116 32 100 117 32 99 111 117 114 115 32 113 117 101 32 118 111 117 115 32 110 101 32 99 111 109 112 114 101 110 101 122 32 112 97 115 32 63 32 86 111 117 115 32 97 118 101 122 32 98 101 115 111 105 110 32 100 39 97 105 100 101 32 112 111 117 114 32 99 114 -61 -87 101 114 32 118 111 116 114 101 32 115 105 116 101 32 63 60 98 114 32 47 62 13 10 32 32 32 32 82 101 110 100 101 122 45 118 111 117 115 32 115 117 114 32 108 101 115 32 102 111 114 117 109 115 32 33 32 86 111 117 115 32 121 32 100 -61 -87 99 111 117 118 114 105 114 101 122 32 113 117 101 32 118 111 117 115 32 110 39 -61 -86 116 101 115 32 112 97 115 32 108 101 32 115 101 117 108 32 100 97 110 115 32 99 101 32 99 97 115 32 101 116 32 118 111 117 115 32 116 114 111 117 118 101 114 101 122 32 116 114 -61 -88 115 32 99 101 114 116 97 105 110 101 109 101 110 116 32 113 117 101 108 113 117 39 117 110 32 113 117 105 32 118 111 117 115 32 97 105 100 101 114 97 32 97 105 109 97 98 108 101 109 101 110 116 32 -61 -96 32 114 -61 -87 115 111 117 100 114 101 32 118 111 116 114 101 32 112 114 111 98 108 -61 -88 109 101 46 60 47 112 62 13 10 60 47 98 111 100 121 62 13 10 60 47 104 116 109 108 62 ;
Wed Jan 08 16:02:53 CET 2020;ServerSide.ServerSideMain;INFO;main;<--- Start listening to clients --->;
Wed Jan 08 16:02:54 CET 2020;ServerSide.AcceptClients;INFO;run;---> Client number 1 is connected. <---;
Wed Jan 08 16:03:00 CET 2020;ServerSide.AcceptClients;INFO;run;User connection accepted for : Aurelien;
Wed Jan 08 16:03:11 CET 2020;ServerSide.ReceivedAFile;INFO;receivedAFile; File name : Page1.html, File length : 283, received from : Aurelien;
Wed Jan 08 16:03:11 CET 2020;ServerSide.ReceivedAFile;INFO;receivedAFile;File : Page1.html, Bytes received : 60 33 68 79 67 84 89 80 69 32 104 116 109 108 62 13 10 60 104 116 109 108 62 13 10 32 32 32 32 60 104 101 97 100 62 13 10 32 32 32 32 32 32 32 32 60 109 101 116 97 32 99 104 97 114 115 101 116 61 34 117 116 102 45 56 34 32 47 62 13 10 32 32 32 32 32 32 32 32 60 116 105 116 108 101 62 76 105 101 110 115 60 47 116 105 116 108 101 62 13 10 32 32 32 32 60 47 104 101 97 100 62 13 10 9 13 10 9 60 98 111 100 121 62 13 10 32 32 32 32 32 32 32 32 60 112 62 66 111 110 106 111 117 114 32 101 116 32 98 105 101 110 118 101 110 117 101 32 115 117 114 32 109 111 110 32 115 105 116 101 32 33 60 47 112 62 13 10 9 9 13 10 9 9 60 112 62 66 111 110 106 111 117 114 46 32 83 111 117 104 97 105 116 101 122 45 118 111 117 115 32 99 111 110 115 117 108 116 101 114 32 60 97 32 104 114 101 102 61 34 112 97 103 101 50 46 104 116 109 108 34 62 108 97 32 112 97 103 101 32 50 60 47 97 62 32 63 60 47 112 62 13 10 32 32 32 32 60 47 98 111 100 121 62 13 10 60 47 104 116 109 108 62 ;
Wed Jan 08 16:04:31 CET 2020;ServerSide.ServerSideMain;INFO;main;<--- Start listening to clients --->;
Wed Jan 08 16:04:32 CET 2020;ServerSide.AcceptClients;INFO;run;---> Client number 1 is connected. <---;
Wed Jan 08 16:04:35 CET 2020;ServerSide.AcceptClients;INFO;run;User connection accepted for : Aurelien;
Wed Jan 08 16:05:15 CET 2020;ServerSide.SendList;INFO;<init>;The list of available files for the user Aurelien has been correctly sent;
Wed Jan 08 16:06:54 CET 2020;ServerSide.ServerSideMain;INFO;main;<--- Start listening to clients --->;
Wed Jan 08 16:06:56 CET 2020;ServerSide.AcceptClients;INFO;run;---> Client number 1 is connected. <---;
Wed Jan 08 16:07:00 CET 2020;ServerSide.AcceptClients;INFO;run;User connection accepted for : Aurelien;
Wed Jan 08 16:07:03 CET 2020;ServerSide.SendList;INFO;<init>;The list of available files for the user Aurelien has been correctly sent;
Wed Jan 08 16:12:22 CET 2020;ServerSide.ServerSideMain;INFO;main;<--- Start listening to clients --->;
Wed Jan 08 16:12:23 CET 2020;ServerSide.AcceptClients;INFO;run;---> Client number 1 is connected. <---;
Wed Jan 08 16:12:46 CET 2020;ServerSide.AcceptClients;INFO;run;New user added in DB : Anorak;
Wed Jan 08 16:12:46 CET 2020;ServerSide.AcceptClients;INFO;run;New folder created for the new user : Anorak;
Wed Jan 08 16:13:03 CET 2020;ServerSide.ReceivedAFile;INFO;receivedAFile; File name : Page1.html, File length : 283, received from : Anorak;
Wed Jan 08 16:13:03 CET 2020;ServerSide.ReceivedAFile;INFO;receivedAFile;File : Page1.html, Bytes received : 60 33 68 79 67 84 89 80 69 32 104 116 109 108 62 13 10 60 104 116 109 108 62 13 10 32 32 32 32 60 104 101 97 100 62 13 10 32 32 32 32 32 32 32 32 60 109 101 116 97 32 99 104 97 114 115 101 116 61 34 117 116 102 45 56 34 32 47 62 13 10 32 32 32 32 32 32 32 32 60 116 105 116 108 101 62 76 105 101 110 115 60 47 116 105 116 108 101 62 13 10 32 32 32 32 60 47 104 101 97 100 62 13 10 9 13 10 9 60 98 111 100 121 62 13 10 32 32 32 32 32 32 32 32 60 112 62 66 111 110 106 111 117 114 32 101 116 32 98 105 101 110 118 101 110 117 101 32 115 117 114 32 109 111 110 32 115 105 116 101 32 33 60 47 112 62 13 10 9 9 13 10 9 9 60 112 62 66 111 110 106 111 117 114 46 32 83 111 117 104 97 105 116 101 122 45 118 111 117 115 32 99 111 110 115 117 108 116 101 114 32 60 97 32 104 114 101 102 61 34 112 97 103 101 50 46 104 116 109 108 34 62 108 97 32 112 97 103 101 32 50 60 47 97 62 32 63 60 47 112 62 13 10 32 32 32 32 60 47 98 111 100 121 62 13 10 60 47 104 116 109 108 62 ;
Wed Jan 08 16:13:10 CET 2020;ServerSide.SendList;INFO;<init>;No files are available for user Anorak;
Wed Jan 08 16:13:23 CET 2020;ServerSide.SendList;INFO;<init>;No files are available for user Anorak;
Wed Jan 08 16:14:14 CET 2020;ServerSide.ServerSideMain;INFO;main;<--- Start listening to clients --->;
Wed Jan 08 16:14:15 CET 2020;ServerSide.AcceptClients;INFO;run;---> Client number 1 is connected. <---;
Wed Jan 08 16:14:20 CET 2020;ServerSide.AcceptClients;INFO;run;User connection accepted for : Anorak;
Wed Jan 08 16:14:21 CET 2020;ServerSide.SendList;INFO;<init>;No files are available for user Anorak;
Wed Jan 08 16:14:33 CET 2020;ServerSide.AcceptClients;WARNING;executeAction;User Anorak has closed the connection.;
Wed Jan 08 16:14:35 CET 2020;ServerSide.AcceptClients;INFO;run;---> Client number 2 is connected. <---;
Wed Jan 08 16:14:38 CET 2020;ServerSide.AcceptClients;INFO;run;User connection accepted for : Aurelien;
Wed Jan 08 16:14:39 CET 2020;ServerSide.SendList;INFO;<init>;The list of available files for the user Aurelien has been correctly sent;
Wed Jan 08 16:14:45 CET 2020;ServerSide.AcceptClients;WARNING;executeAction;User Aurelien has closed the connection.;
Wed Jan 08 16:14:46 CET 2020;ServerSide.AcceptClients;INFO;run;---> Client number 3 is connected. <---;
Wed Jan 08 16:14:51 CET 2020;ServerSide.AcceptClients;INFO;run;User connection accepted for : Brice;
Wed Jan 08 16:14:53 CET 2020;ServerSide.SendList;INFO;<init>;No files are available for user Brice;
Wed Jan 08 16:15:04 CET 2020;ServerSide.SendList;INFO;<init>;No files are available for user Brice;
Wed Jan 08 16:16:24 CET 2020;ServerSide.ServerSideMain;INFO;main;<--- Start listening to clients --->;
Wed Jan 08 16:16:25 CET 2020;ServerSide.AcceptClients;INFO;run;---> Client number 1 is connected. <---;
Wed Jan 08 16:16:30 CET 2020;ServerSide.AcceptClients;SEVERE;run;Failed to receive menu choice from client : null or the connection to the client crashed.;
Wed Jan 08 16:16:32 CET 2020;ServerSide.ServerSideMain;INFO;main;<--- Start listening to clients --->;
Wed Jan 08 16:16:33 CET 2020;ServerSide.AcceptClients;INFO;run;---> Client number 1 is connected. <---;
Wed Jan 08 16:16:40 CET 2020;ServerSide.AcceptClients;INFO;run;New user added in DB : Jeanmich;
Wed Jan 08 16:16:40 CET 2020;ServerSide.AcceptClients;INFO;run;New folder created for the new user : Jeanmich;
Wed Jan 08 16:16:46 CET 2020;ServerSide.ReceivedAFile;INFO;receivedAFile; File name : OpenclassroomExemple.html, File length : 1045, received from : Jeanmich;
Wed Jan 08 16:16:46 CET 2020;ServerSide.ReceivedAFile;INFO;receivedAFile;File : OpenclassroomExemple.html, Bytes received : 60 33 68 79 67 84 89 80 69 32 104 116 109 108 62 13 10 60 104 116 109 108 62 13 10 60 104 101 97 100 62 13 10 32 32 32 32 60 109 101 116 97 32 99 104 97 114 115 101 116 61 34 117 116 102 45 56 34 32 47 62 13 10 32 32 32 32 60 116 105 116 108 101 62 80 114 -61 -87 115 101 110 116 97 116 105 111 110 32 100 39 79 112 101 110 67 108 97 115 115 114 111 111 109 115 60 47 116 105 116 108 101 62 13 10 60 47 104 101 97 100 62 13 10 13 10 60 98 111 100 121 62 13 10 32 32 32 32 60 104 49 62 66 105 101 110 118 101 110 117 101 32 115 117 114 32 79 112 101 110 67 108 97 115 115 114 111 111 109 115 32 33 60 47 104 49 62 13 10 13 10 32 32 32 32 60 112 62 66 111 110 106 111 117 114 32 101 116 32 98 105 101 110 118 101 110 117 101 32 115 117 114 32 109 111 110 32 115 105 116 101 32 58 32 79 112 101 110 67 108 97 115 115 114 111 111 109 115 46 60 98 114 32 47 62 13 10 32 32 32 32 32 32 32 79 112 101 110 67 108 97 115 115 114 111 111 109 115 44 32 113 117 39 101 115 116 45 99 101 32 113 117 101 32 99 39 101 115 116 32 63 60 47 112 62 13 10 13 10 32 32 32 32 60 104 50 62 68 101 115 32 99 111 117 114 115 32 112 111 117 114 32 100 -61 -87 98 117 116 97 110 116 115 60 47 104 50 62 13 10 32 32 32 32 13 10 32 32 32 32 60 112 62 79 112 101 110 67 108 97 115 115 114 111 111 109 115 32 118 111 117 115 32 112 114 111 112 111 115 101 32 100 101 115 32 99 111 117 114 115 32 40 116 117 116 111 114 105 101 108 115 41 32 100 101 115 116 105 110 -61 -87 115 32 97 117 120 32 100 -61 -87 98 117 116 97 110 116 115 32 58 32 97 117 99 117 110 101 32 99 111 110 110 97 105 115 115 97 110 99 101 32 110 39 101 115 116 32 114 101 113 117 105 115 101 32 112 111 117 114 32 108 105 114 101 32 99 101 115 32 99 111 117 114 115 32 33 60 47 112 62 13 10 32 32 32 32 13 10 32 32 32 32 60 112 62 86 111 117 115 32 112 111 117 114 114 101 122 32 97 105 110 115 105 32 97 112 112 114 101 110 100 114 101 44 32 115 97 110 115 32 114 105 101 110 32 121 32 99 111 110 110 97 -61 -82 116 114 101 32 97 117 112 97 114 97 118 97 110 116 44 32 -61 -96 32 99 114 -61 -87 101 114 32 117 110 32 115 105 116 101 32 119 101 98 44 32 -61 -96 32 112 114 111 103 114 97 109 109 101 114 44 32 -61 -96 32 99 111 110 115 116 114 117 105 114 101 32 100 101 115 32 109 111 110 100 101 115 32 101 110 32 51 68 32 33 60 47 112 62 13 10 13 10 32 32 32 32 60 104 50 62 85 110 101 32 99 111 109 109 117 110 97 117 116 -61 -87 32 97 99 116 105 118 101 60 47 104 50 62 13 10 32 32 32 32 13 10 32 32 32 32 60 112 62 86 111 117 115 32 97 118 101 122 32 117 110 32 112 114 111 98 108 -61 -88 109 101 44 32 117 110 32 -61 -87 108 -61 -87 109 101 110 116 32 100 117 32 99 111 117 114 115 32 113 117 101 32 118 111 117 115 32 110 101 32 99 111 109 112 114 101 110 101 122 32 112 97 115 32 63 32 86 111 117 115 32 97 118 101 122 32 98 101 115 111 105 110 32 100 39 97 105 100 101 32 112 111 117 114 32 99 114 -61 -87 101 114 32 118 111 116 114 101 32 115 105 116 101 32 63 60 98 114 32 47 62 13 10 32 32 32 32 82 101 110 100 101 122 45 118 111 117 115 32 115 117 114 32 108 101 115 32 102 111 114 117 109 115 32 33 32 86 111 117 115 32 121 32 100 -61 -87 99 111 117 118 114 105 114 101 122 32 113 117 101 32 118 111 117 115 32 110 39 -61 -86 116 101 115 32 112 97 115 32 108 101 32 115 101 117 108 32 100 97 110 115 32 99 101 32 99 97 115 32 101 116 32 118 111 117 115 32 116 114 111 117 118 101 114 101 122 32 116 114 -61 -88 115 32 99 101 114 116 97 105 110 101 109 101 110 116 32 113 117 101 108 113 117 39 117 110 32 113 117 105 32 118 111 117 115 32 97 105 100 101 114 97 32 97 105 109 97 98 108 101 109 101 110 116 32 -61 -96 32 114 -61 -87 115 111 117 100 114 101 32 118 111 116 114 101 32 112 114 111 98 108 -61 -88 109 101 46 60 47 112 62 13 10 60 47 98 111 100 121 62 13 10 60 47 104 116 109 108 62 ;
Wed Jan 08 16:16:51 CET 2020;ServerSide.SendList;INFO;<init>;The list of available files for the user Jeanmich has been correctly sent;
Wed Jan 08 16:16:59 CET 2020;ServerSide.SendList;INFO;<init>;The list of available files for the user Jeanmich has been correctly sent;
Wed Jan 08 16:17:10 CET 2020;ServerSide.DeleteFile;INFO;deleteFile;The file .\VSShareCloud\Jeanmich\OpenclassroomExemple.html has been deleted by Jeanmich;
Wed Jan 08 16:17:39 CET 2020;ServerSide.SendList;INFO;<init>;The list of available files for the user Jeanmich has been correctly sent;
Wed Jan 08 16:17:43 CET 2020;ServerSide.SendList;INFO;<init>;The list of available files for the user Jeanmich has been correctly sent;
Wed Jan 08 16:17:50 CET 2020;ServerSide.DeleteFile;INFO;deleteFile;The file .\VSShareCloud\Jeanmich\OpenclassroomExemple.html has been deleted by Jeanmich;
Wed Jan 08 16:18:08 CET 2020;ServerSide.SendList;INFO;<init>;The list of available files for the user Jeanmich has been correctly sent;
Wed Jan 08 16:18:10 CET 2020;ServerSide.DeleteFile;INFO;deleteFile;The file .\VSShareCloud\Jeanmich\OpenclassroomExemple.html has been deleted by Jeanmich;
Wed Jan 08 16:18:13 CET 2020;ServerSide.SendList;INFO;<init>;The list of available files for the user Jeanmich has been correctly sent;
Wed Jan 08 16:19:17 CET 2020;ServerSide.ServerSideMain;INFO;main;<--- Start listening to clients --->;
Wed Jan 08 16:19:18 CET 2020;ServerSide.AcceptClients;INFO;run;---> Client number 1 is connected. <---;
Wed Jan 08 16:19:22 CET 2020;ServerSide.AcceptClients;INFO;run;User connection accepted for : Aurelien;
Wed Jan 08 16:19:30 CET 2020;ServerSide.SendList;INFO;<init>;The list of available files for the user Aurelien has been correctly sent;
Wed Jan 08 16:19:33 CET 2020;ServerSide.DeleteFile;INFO;deleteFile;The file .\VSShareCloud\Aurelien\Page1.html has been deleted by Aurelien;
Wed Jan 08 16:20:34 CET 2020;ServerSide.ServerSideMain;INFO;main;<--- Start listening to clients --->;
Wed Jan 08 16:20:36 CET 2020;ServerSide.AcceptClients;INFO;run;---> Client number 1 is connected. <---;
Wed Jan 08 16:20:38 CET 2020;ServerSide.AcceptClients;INFO;run;User connection accepted for : Aurelien;
Wed Jan 08 16:20:40 CET 2020;ServerSide.SendList;INFO;<init>;The list of available files for the user Aurelien has been correctly sent;
Wed Jan 08 16:20:43 CET 2020;ServerSide.DeleteFile;INFO;deleteFile;The file .\VSShareCloud\Aurelien\AuerlienDoc.txt does not exists or the name has been typed wrong by Aurelien;
Wed Jan 08 16:20:48 CET 2020;ServerSide.SendList;INFO;<init>;The list of available files for the user Aurelien has been correctly sent;
Wed Jan 08 16:20:52 CET 2020;ServerSide.DeleteFile;INFO;deleteFile;The file .\VSShareCloud\Aurelien\AurelienDoc.txt has been deleted by Aurelien;
Wed Jan 08 16:21:18 CET 2020;ServerSide.ServerSideMain;INFO;main;<--- Start listening to clients --->;
Wed Jan 08 16:21:19 CET 2020;ServerSide.AcceptClients;INFO;run;---> Client number 1 is connected. <---;
Wed Jan 08 16:21:22 CET 2020;ServerSide.AcceptClients;INFO;run;User connection accepted for : Aurelien;
Wed Jan 08 16:21:22 CET 2020;ServerSide.SendList;INFO;<init>;No files are available for user Aurelien;
Wed Jan 08 16:21:30 CET 2020;ServerSide.ReceivedAFile;INFO;receivedAFile; File name : Headtitle.html, File length : 432, received from : Aurelien;
Wed Jan 08 16:21:30 CET 2020;ServerSide.ReceivedAFile;INFO;receivedAFile;File : Headtitle.html, Bytes received : 60 33 68 79 67 84 89 80 69 32 104 116 109 108 62 13 10 60 104 116 109 108 62 13 10 32 32 32 32 60 104 101 97 100 62 13 10 32 32 32 32 32 32 32 32 60 109 101 116 97 32 99 104 97 114 115 101 116 61 34 117 116 102 45 56 34 32 47 62 13 10 32 32 32 32 32 32 32 32 60 116 105 116 108 101 62 78 105 118 101 97 117 120 32 100 101 32 116 105 116 114 101 115 60 47 116 105 116 108 101 62 13 10 32 32 32 32 60 47 104 101 97 100 62 13 10 13 10 32 32 32 32 60 98 111 100 121 62 13 10 32 32 32 32 32 32 32 32 60 104 49 62 84 105 116 114 101 32 115 117 112 101 114 32 105 109 112 111 114 116 97 110 116 60 47 104 49 62 13 10 32 32 32 32 32 32 32 32 60 104 50 62 84 105 116 114 101 32 105 109 112 111 114 116 97 110 116 60 47 104 50 62 13 10 32 32 32 32 32 32 32 32 60 104 51 62 84 105 116 114 101 32 117 110 32 112 101 117 32 109 111 105 110 115 32 105 109 112 111 114 116 97 110 116 32 40 115 111 117 115 45 116 105 116 114 101 41 60 47 104 51 62 13 10 13 10 32 32 32 32 32 32 32 32 60 104 52 62 84 105 116 114 101 32 112 97 115 32 116 114 111 112 32 105 109 112 111 114 116 97 110 116 60 47 104 52 62 13 10 32 32 32 32 32 32 32 32 60 104 53 62 84 105 116 114 101 32 112 97 115 32 105 109 112 111 114 116 97 110 116 60 47 104 53 62 13 10 32 32 32 32 32 32 32 32 60 104 54 62 84 105 116 114 101 32 118 114 97 105 109 101 110 116 32 112 97 115 32 105 109 112 111 114 116 97 110 116 32 100 117 32 116 111 117 116 60 47 104 54 62 13 10 32 32 32 32 60 47 98 111 100 121 62 13 10 60 47 104 116 109 108 62 ;
Wed Jan 08 16:21:33 CET 2020;ServerSide.SendList;INFO;<init>;The list of available files for the user Aurelien has been correctly sent;
Wed Jan 08 16:21:36 CET 2020;ServerSide.SendList;INFO;<init>;The list of available files for the user Aurelien has been correctly sent;
Wed Jan 08 16:21:47 CET 2020;ServerSide.DeleteFile;INFO;deleteFile;The file .\VSShareCloud\Aurelien\Headtitle.html has been deleted by Aurelien;
Wed Jan 08 16:23:04 CET 2020;ServerSide.ServerSideMain;INFO;main;<--- Start listening to clients --->;
Wed Jan 08 16:23:05 CET 2020;ServerSide.AcceptClients;INFO;run;---> Client number 1 is connected. <---;
Wed Jan 08 16:23:08 CET 2020;ServerSide.AcceptClients;INFO;run;User connection accepted for : Aurelien;
Wed Jan 08 16:23:16 CET 2020;ServerSide.ReceivedAFile;INFO;receivedAFile; File name : Lien.html, File length : 352, received from : Aurelien;
Wed Jan 08 16:23:16 CET 2020;ServerSide.ReceivedAFile;INFO;receivedAFile;File : Lien.html, Bytes received : 60 33 68 79 67 84 89 80 69 32 104 116 109 108 62 13 10 60 104 116 109 108 62 13 10 32 32 32 32 60 104 101 97 100 62 13 10 32 32 32 32 32 32 32 32 60 109 101 116 97 32 99 104 97 114 115 101 116 61 34 117 116 102 45 56 34 32 47 62 13 10 32 32 32 32 32 32 32 32 60 116 105 116 108 101 62 76 105 101 110 115 60 47 116 105 116 108 101 62 13 10 32 32 32 32 60 47 104 101 97 100 62 13 10 9 13 10 9 60 98 111 100 121 62 13 10 32 32 32 32 32 32 32 32 60 112 62 66 111 110 106 111 117 114 32 101 116 32 98 105 101 110 118 101 110 117 101 32 115 117 114 32 109 111 110 32 115 105 116 101 32 33 60 47 112 62 13 10 9 9 13 10 9 9 60 112 62 76 101 32 115 105 116 101 32 101 115 116 32 101 110 99 111 114 101 32 117 110 32 112 101 117 32 118 105 100 101 32 109 97 105 115 32 103 114 -61 -94 99 101 32 -61 -96 32 60 97 32 104 114 101 102 61 34 104 116 116 112 115 58 47 47 111 112 101 110 99 108 97 115 115 114 111 111 109 115 46 99 111 109 34 62 79 112 101 110 67 108 97 115 115 114 111 111 109 115 60 47 97 62 32 105 108 32 115 101 114 97 32 112 108 117 115 32 114 101 109 112 108 105 32 112 114 111 99 104 97 105 110 101 109 101 110 116 32 58 41 32 60 47 112 62 13 10 32 32 32 32 60 47 98 111 100 121 62 13 10 60 47 104 116 109 108 62 ;
Wed Jan 08 16:23:19 CET 2020;ServerSide.SendList;INFO;<init>;The list of available files for the user Aurelien has been correctly sent;
Wed Jan 08 16:23:22 CET 2020;ServerSide.SendList;INFO;<init>;The list of available files for the user Aurelien has been correctly sent;
Wed Jan 08 16:23:25 CET 2020;ServerSide.DeleteFile;INFO;deleteFile;The file .\VSShareCloud\Aurelien\Lien.html has been deleted by Aurelien;
Wed Jan 08 16:24:17 CET 2020;ServerSide.ServerSideMain;INFO;main;<--- Start listening to clients --->;
Wed Jan 08 16:24:18 CET 2020;ServerSide.AcceptClients;INFO;run;---> Client number 1 is connected. <---;
Wed Jan 08 16:24:24 CET 2020;ServerSide.AcceptClients;INFO;run;New user added in DB : Anorak;
Wed Jan 08 16:24:24 CET 2020;ServerSide.AcceptClients;INFO;run;New folder created for the new user : Anorak;
Wed Jan 08 16:24:29 CET 2020;ServerSide.ReceivedAFile;INFO;receivedAFile; File name : Headtitle.html, File length : 432, received from : Anorak;
Wed Jan 08 16:24:29 CET 2020;ServerSide.ReceivedAFile;INFO;receivedAFile;File : Headtitle.html, Bytes received : 60 33 68 79 67 84 89 80 69 32 104 116 109 108 62 13 10 60 104 116 109 108 62 13 10 32 32 32 32 60 104 101 97 100 62 13 10 32 32 32 32 32 32 32 32 60 109 101 116 97 32 99 104 97 114 115 101 116 61 34 117 116 102 45 56 34 32 47 62 13 10 32 32 32 32 32 32 32 32 60 116 105 116 108 101 62 78 105 118 101 97 117 120 32 100 101 32 116 105 116 114 101 115 60 47 116 105 116 108 101 62 13 10 32 32 32 32 60 47 104 101 97 100 62 13 10 13 10 32 32 32 32 60 98 111 100 121 62 13 10 32 32 32 32 32 32 32 32 60 104 49 62 84 105 116 114 101 32 115 117 112 101 114 32 105 109 112 111 114 116 97 110 116 60 47 104 49 62 13 10 32 32 32 32 32 32 32 32 60 104 50 62 84 105 116 114 101 32 105 109 112 111 114 116 97 110 116 60 47 104 50 62 13 10 32 32 32 32 32 32 32 32 60 104 51 62 84 105 116 114 101 32 117 110 32 112 101 117 32 109 111 105 110 115 32 105 109 112 111 114 116 97 110 116 32 40 115 111 117 115 45 116 105 116 114 101 41 60 47 104 51 62 13 10 13 10 32 32 32 32 32 32 32 32 60 104 52 62 84 105 116 114 101 32 112 97 115 32 116 114 111 112 32 105 109 112 111 114 116 97 110 116 60 47 104 52 62 13 10 32 32 32 32 32 32 32 32 60 104 53 62 84 105 116 114 101 32 112 97 115 32 105 109 112 111 114 116 97 110 116 60 47 104 53 62 13 10 32 32 32 32 32 32 32 32 60 104 54 62 84 105 116 114 101 32 118 114 97 105 109 101 110 116 32 112 97 115 32 105 109 112 111 114 116 97 110 116 32 100 117 32 116 111 117 116 60 47 104 54 62 13 10 32 32 32 32 60 47 98 111 100 121 62 13 10 60 47 104 116 109 108 62 ;
Wed Jan 08 16:24:36 CET 2020;ServerSide.SendList;INFO;<init>;The list of available files for the user Anorak has been correctly sent;
Wed Jan 08 16:24:40 CET 2020;ServerSide.DeleteFile;INFO;deleteFile;The file .\VSShareCloud\Anorak\Headtitle.html has been deleted by Anorak;
Wed Jan 08 16:24:55 CET 2020;ServerSide.SendList;INFO;<init>;No files are available for user Anorak;
Wed Jan 08 16:25:02 CET 2020;ServerSide.ThrowAFile;SEVERE;<init>;Fatal error when trying to send a file to the client.;
Wed Jan 08 16:37:32 CET 2020;ServerSide.ServerSideMain;INFO;main;<--- Start listening to clients --->;
Wed Jan 08 16:37:33 CET 2020;ServerSide.AcceptClients;INFO;run;---> Client number 1 is connected. <---;
Wed Jan 08 16:37:39 CET 2020;ServerSide.AcceptClients;INFO;run;User connection accepted for : Aurelien;
Wed Jan 08 16:37:41 CET 2020;ServerSide.SendList;INFO;<init>;The list of available files for the user Aurelien has been correctly sent;
Wed Jan 08 16:37:57 CET 2020;ServerSide.ThrowAFile;INFO;throwAFile;File has been sent to the client. // Name Headtitle.html // Length 432 // Bytes sended 60 33 68 79 67 84 89 80 69 32 104 116 109 108 62 13 10 60 104 116 109 108 62 13 10 32 32 32 32 60 104 101 97 100 62 13 10 32 32 32 32 32 32 32 32 60 109 101 116 97 32 99 104 97 114 115 101 116 61 34 117 116 102 45 56 34 32 47 62 13 10 32 32 32 32 32 32 32 32 60 116 105 116 108 101 62 78 105 118 101 97 117 120 32 100 101 32 116 105 116 114 101 115 60 47 116 105 116 108 101 62 13 10 32 32 32 32 60 47 104 101 97 100 62 13 10 13 10 32 32 32 32 60 98 111 100 121 62 13 10 32 32 32 32 32 32 32 32 60 104 49 62 84 105 116 114 101 32 115 117 112 101 114 32 105 109 112 111 114 116 97 110 116 60 47 104 49 62 13 10 32 32 32 32 32 32 32 32 60 104 50 62 84 105 116 114 101 32 105 109 112 111 114 116 97 110 116 60 47 104 50 62 13 10 32 32 32 32 32 32 32 32 60 104 51 62 84 105 116 114 101 32 117 110 32 112 101 117 32 109 111 105 110 115 32 105 109 112 111 114 116 97 110 116 32 40 115 111 117 115 45 116 105 116 114 101 41 60 47 104 51 62 13 10 13 10 32 32 32 32 32 32 32 32 60 104 52 62 84 105 116 114 101 32 112 97 115 32 116 114 111 112 32 105 109 112 111 114 116 97 110 116 60 47 104 52 62 13 10 32 32 32 32 32 32 32 32 60 104 53 62 84 105 116 114 101 32 112 97 115 32 105 109 112 111 114 116 97 110 116 60 47 104 53 62 13 10 32 32 32 32 32 32 32 32 60 104 54 62 84 105 116 114 101 32 118 114 97 105 109 101 110 116 32 112 97 115 32 105 109 112 111 114 116 97 110 116 32 100 117 32 116 111 117 116 60 47 104 54 62 13 10 32 32 32 32 60 47 98 111 100 121 62 13 10 60 47 104 116 109 108 62 ;
Wed Jan 08 16:39:06 CET 2020;ServerSide.ServerSideMain;INFO;main;<--- Start listening to clients --->;
Wed Jan 08 16:39:07 CET 2020;ServerSide.AcceptClients;INFO;run;---> Client number 1 is connected. <---;
Wed Jan 08 16:39:10 CET 2020;ServerSide.AcceptClients;INFO;run;User connection accepted for : Aurelien;
Wed Jan 08 16:39:12 CET 2020;ServerSide.SendList;INFO;<init>;The list of available files for the user Aurelien has been correctly sent;
Wed Jan 08 16:39:14 CET 2020;ServerSide.ThrowAFile;INFO;throwAFile;Aurelienhas aborted or typed file name wrong.;
Wed Jan 08 16:40:19 CET 2020;ServerSide.ServerSideMain;INFO;main;<--- Start listening to clients --->;
Wed Jan 08 16:40:21 CET 2020;ServerSide.AcceptClients;INFO;run;---> Client number 1 is connected. <---;
Wed Jan 08 16:40:27 CET 2020;ServerSide.AcceptClients;INFO;run;User connection accepted for : Aurelien;
Wed Jan 08 16:40:32 CET 2020;ServerSide.SendList;INFO;<init>;The list of available files for the user Aurelien has been correctly sent;
Wed Jan 08 16:40:40 CET 2020;ServerSide.ThrowAFile;INFO;throwAFile;File has been sent to the client. // Name Headtitle.html // Length 432 // Bytes sended 60 33 68 79 67 84 89 80 69 32 104 116 109 108 62 13 10 60 104 116 109 108 62 13 10 32 32 32 32 60 104 101 97 100 62 13 10 32 32 32 32 32 32 32 32 60 109 101 116 97 32 99 104 97 114 115 101 116 61 34 117 116 102 45 56 34 32 47 62 13 10 32 32 32 32 32 32 32 32 60 116 105 116 108 101 62 78 105 118 101 97 117 120 32 100 101 32 116 105 116 114 101 115 60 47 116 105 116 108 101 62 13 10 32 32 32 32 60 47 104 101 97 100 62 13 10 13 10 32 32 32 32 60 98 111 100 121 62 13 10 32 32 32 32 32 32 32 32 60 104 49 62 84 105 116 114 101 32 115 117 112 101 114 32 105 109 112 111 114 116 97 110 116 60 47 104 49 62 13 10 32 32 32 32 32 32 32 32 60 104 50 62 84 105 116 114 101 32 105 109 112 111 114 116 97 110 116 60 47 104 50 62 13 10 32 32 32 32 32 32 32 32 60 104 51 62 84 105 116 114 101 32 117 110 32 112 101 117 32 109 111 105 110 115 32 105 109 112 111 114 116 97 110 116 32 40 115 111 117 115 45 116 105 116 114 101 41 60 47 104 51 62 13 10 13 10 32 32 32 32 32 32 32 32 60 104 52 62 84 105 116 114 101 32 112 97 115 32 116 114 111 112 32 105 109 112 111 114 116 97 110 116 60 47 104 52 62 13 10 32 32 32 32 32 32 32 32 60 104 53 62 84 105 116 114 101 32 112 97 115 32 105 109 112 111 114 116 97 110 116 60 47 104 53 62 13 10 32 32 32 32 32 32 32 32 60 104 54 62 84 105 116 114 101 32 118 114 97 105 109 101 110 116 32 112 97 115 32 105 109 112 111 114 116 97 110 116 32 100 117 32 116 111 117 116 60 47 104 54 62 13 10 32 32 32 32 60 47 98 111 100 121 62 13 10 60 47 104 116 109 108 62 ;
Wed Jan 08 16:40:45 CET 2020;ServerSide.SendList;INFO;<init>;The list of available files for the user Aurelien has been correctly sent;
Wed Jan 08 16:41:07 CET 2020;ServerSide.SendList;INFO;<init>;The list of available files for the user Aurelien has been correctly sent;
Wed Jan 08 16:41:10 CET 2020;ServerSide.SendList;INFO;<init>;The list of available files for the user Aurelien has been correctly sent;
Wed Jan 08 16:41:18 CET 2020;ServerSide.DeleteSharedFile;INFO;<init>;The file Headtitle.html has been deleted by Aurelien;
Wed Jan 08 16:42:49 CET 2020;ServerSide.ServerSideMain;INFO;main;<--- Start listening to clients --->;
Wed Jan 08 16:42:49 CET 2020;ServerSide.AcceptClients;INFO;run;---> Client number 1 is connected. <---;
Wed Jan 08 16:42:54 CET 2020;ServerSide.AcceptClients;INFO;run;User connection accepted for : Aurelien;
Wed Jan 08 16:43:09 CET 2020;ServerSide.SendList;INFO;<init>;The list of available files for the user Aurelien has been correctly sent;
Wed Jan 08 16:43:20 CET 2020;ServerSide.SendList;INFO;<init>;The list of available files for the user Aurelien has been correctly sent;
Wed Jan 08 16:43:25 CET 2020;ServerSide.DeleteSharedFile;INFO;<init>;The file Headtitle.html has been deleted by Aurelien;
Wed Jan 08 16:43:30 CET 2020;ServerSide.SendList;INFO;<init>;The list of available files for the user Aurelien has been correctly sent;
Wed Jan 08 16:43:41 CET 2020;ServerSide.SendList;INFO;<init>;The list of available files for the user Aurelien has been correctly sent;
Wed Jan 08 16:43:45 CET 2020;ServerSide.DeleteFile;INFO;deleteFile;The file .\VSShareCloud\Aurelien\Headtitle.html has been deleted by Aurelien;
Wed Jan 08 16:43:54 CET 2020;ServerSide.SendList;INFO;<init>;No files are available for user Aurelien;
Wed Jan 08 16:43:58 CET 2020;ServerSide.SendList;INFO;<init>;The list of available files for the user Aurelien has been correctly sent;
Wed Jan 08 16:44:06 CET 2020;ServerSide.SendList;INFO;<init>;The list of available files for the user Aurelien has been correctly sent;
Wed Jan 08 16:44:09 CET 2020;ServerSide.ThrowAFile;INFO;throwAFile;File has been sent to the client. // Name CommonFile.txt // Length 36 // Bytes sended 84 104 105 115 32 105 115 32 97 32 99 111 109 109 111 110 32 102 105 108 101 32 102 111 114 32 97 108 108 32 117 115 101 114 115 46 ;
Wed Jan 08 16:44:31 CET 2020;ServerSide.SendList;INFO;<init>;The list of available files for the user Aurelien has been correctly sent;
Wed Jan 08 16:44:34 CET 2020;ServerSide.ThrowAFile;INFO;throwAFile;Aurelienhas aborted or typed file name wrong.;
Wed Jan 08 16:55:43 CET 2020;ServerSide.ServerSideMain;INFO;main;<--- Start listening to clients --->;
Wed Jan 08 16:55:45 CET 2020;ServerSide.AcceptClients;INFO;run;---> Client number 1 is connected. <---;
Wed Jan 08 16:56:00 CET 2020;ServerSide.AcceptClients;INFO;run;New user added in DB : Anorak;
Wed Jan 08 16:56:00 CET 2020;ServerSide.AcceptClients;INFO;run;New folder created for the new user : Anorak;
Wed Jan 08 16:56:14 CET 2020;ServerSide.ReceivedAFile;INFO;receivedAFile; File name : Page1.html, File length : 283, received from : Anorak;
Wed Jan 08 16:56:14 CET 2020;ServerSide.ReceivedAFile;INFO;receivedAFile;File : Page1.html, Bytes received : 60 33 68 79 67 84 89 80 69 32 104 116 109 108 62 13 10 60 104 116 109 108 62 13 10 32 32 32 32 60 104 101 97 100 62 13 10 32 32 32 32 32 32 32 32 60 109 101 116 97 32 99 104 97 114 115 101 116 61 34 117 116 102 45 56 34 32 47 62 13 10 32 32 32 32 32 32 32 32 60 116 105 116 108 101 62 76 105 101 110 115 60 47 116 105 116 108 101 62 13 10 32 32 32 32 60 47 104 101 97 100 62 13 10 9 13 10 9 60 98 111 100 121 62 13 10 32 32 32 32 32 32 32 32 60 112 62 66 111 110 106 111 117 114 32 101 116 32 98 105 101 110 118 101 110 117 101 32 115 117 114 32 109 111 110 32 115 105 116 101 32 33 60 47 112 62 13 10 9 9 13 10 9 9 60 112 62 66 111 110 106 111 117 114 46 32 83 111 117 104 97 105 116 101 122 45 118 111 117 115 32 99 111 110 115 117 108 116 101 114 32 60 97 32 104 114 101 102 61 34 112 97 103 101 50 46 104 116 109 108 34 62 108 97 32 112 97 103 101 32 50 60 47 97 62 32 63 60 47 112 62 13 10 32 32 32 32 60 47 98 111 100 121 62 13 10 60 47 104 116 109 108 62 ;
Wed Jan 08 16:57:01 CET 2020;ServerSide.SendList;INFO;<init>;The list of available files for the user Anorak has been correctly sent;
Wed Jan 08 16:57:14 CET 2020;ServerSide.ReceivedAFile;INFO;receivedAFile; File name : Page2.html, File length : 352, received from : Anorak;
Wed Jan 08 16:57:14 CET 2020;ServerSide.ReceivedAFile;INFO;receivedAFile;File : Page2.html, Bytes received : 60 33 68 79 67 84 89 80 69 32 104 116 109 108 62 13 10 60 104 116 109 108 62 13 10 32 32 32 32 60 104 101 97 100 62 13 10 32 32 32 32 32 32 32 32 60 109 101 116 97 32 99 104 97 114 115 101 116 61 34 117 116 102 45 56 34 32 47 62 13 10 32 32 32 32 32 32 32 32 60 116 105 116 108 101 62 76 105 101 110 115 60 47 116 105 116 108 101 62 13 10 32 32 32 32 60 47 104 101 97 100 62 13 10 9 13 10 9 60 98 111 100 121 62 13 10 32 32 32 32 32 32 32 32 60 112 62 66 111 110 106 111 117 114 32 101 116 32 98 105 101 110 118 101 110 117 101 32 115 117 114 32 109 111 110 32 115 105 116 101 32 33 60 47 112 62 13 10 9 9 13 10 9 9 60 112 62 76 101 32 115 105 116 101 32 101 115 116 32 101 110 99 111 114 101 32 117 110 32 112 101 117 32 118 105 100 101 32 109 97 105 115 32 103 114 -61 -94 99 101 32 -61 -96 32 60 97 32 104 114 101 102 61 34 104 116 116 112 115 58 47 47 111 112 101 110 99 108 97 115 115 114 111 111 109 115 46 99 111 109 34 62 79 112 101 110 67 108 97 115 115 114 111 111 109 115 60 47 97 62 32 105 108 32 115 101 114 97 32 112 108 117 115 32 114 101 109 112 108 105 32 112 114 111 99 104 97 105 110 101 109 101 110 116 32 58 41 32 60 47 112 62 13 10 32 32 32 32 60 47 98 111 100 121 62 13 10 60 47 104 116 109 108 62 ;
Wed Jan 08 16:57:18 CET 2020;ServerSide.SendList;INFO;<init>;The list of available files for the user Anorak has been correctly sent;
Wed Jan 08 16:57:21 CET 2020;ServerSide.SendList;INFO;<init>;The list of available files for the user Anorak has been correctly sent;
Wed Jan 08 16:58:00 CET 2020;ServerSide.DeleteFile;SEVERE;<init>;Fatal error when trying to delete file : nullfrom user :Anorak;
Wed Jan 08 16:58:21 CET 2020;ServerSide.AcceptClients;INFO;run;---> Client number 2 is connected. <---;
Wed Jan 08 16:58:42 CET 2020;ServerSide.AcceptClients;INFO;run;User connection accepted for : Anorak;
Wed Jan 08 16:59:25 CET 2020;ServerSide.ServerSideMain;INFO;main;<--- Start listening to clients --->;
Wed Jan 08 16:59:25 CET 2020;ServerSide.AcceptClients;INFO;run;---> Client number 1 is connected. <---;
Wed Jan 08 16:59:37 CET 2020;ServerSide.AcceptClients;INFO;run;User connection accepted for : Anorak;
Wed Jan 08 16:59:44 CET 2020;ServerSide.SendList;INFO;<init>;The list of available files for the user Anorak has been correctly sent;
Wed Jan 08 16:59:48 CET 2020;ServerSide.DeleteFile;SEVERE;<init>;Fatal error when trying to delete file : nullfrom user :Anorak;
Wed Jan 08 16:59:52 CET 2020;ServerSide.ServerSideMain;INFO;main;<--- Start listening to clients --->;
Wed Jan 08 16:59:53 CET 2020;ServerSide.AcceptClients;INFO;run;---> Client number 1 is connected. <---;
Wed Jan 08 17:00:00 CET 2020;ServerSide.AcceptClients;SEVERE;run;Failed to receive menu choice from client : null or the connection to the client crashed.;
Wed Jan 08 17:00:02 CET 2020;ServerSide.ServerSideMain;INFO;main;<--- Start listening to clients --->;
Wed Jan 08 17:00:03 CET 2020;ServerSide.AcceptClients;INFO;run;---> Client number 1 is connected. <---;
Wed Jan 08 17:00:09 CET 2020;ServerSide.AcceptClients;INFO;run;New user added in DB : Michmich2;
Wed Jan 08 17:00:09 CET 2020;ServerSide.AcceptClients;INFO;run;New folder created for the new user : Michmich2;
Wed Jan 08 17:00:17 CET 2020;ServerSide.ReceivedAFile;INFO;receivedAFile; File name : Page1.html, File length : 283, received from : Michmich2;
Wed Jan 08 17:00:17 CET 2020;ServerSide.ReceivedAFile;INFO;receivedAFile;File : Page1.html, Bytes received : 60 33 68 79 67 84 89 80 69 32 104 116 109 108 62 13 10 60 104 116 109 108 62 13 10 32 32 32 32 60 104 101 97 100 62 13 10 32 32 32 32 32 32 32 32 60 109 101 116 97 32 99 104 97 114 115 101 116 61 34 117 116 102 45 56 34 32 47 62 13 10 32 32 32 32 32 32 32 32 60 116 105 116 108 101 62 76 105 101 110 115 60 47 116 105 116 108 101 62 13 10 32 32 32 32 60 47 104 101 97 100 62 13 10 9 13 10 9 60 98 111 100 121 62 13 10 32 32 32 32 32 32 32 32 60 112 62 66 111 110 106 111 117 114 32 101 116 32 98 105 101 110 118 101 110 117 101 32 115 117 114 32 109 111 110 32 115 105 116 101 32 33 60 47 112 62 13 10 9 9 13 10 9 9 60 112 62 66 111 110 106 111 117 114 46 32 83 111 117 104 97 105 116 101 122 45 118 111 117 115 32 99 111 110 115 117 108 116 101 114 32 60 97 32 104 114 101 102 61 34 112 97 103 101 50 46 104 116 109 108 34 62 108 97 32 112 97 103 101 32 50 60 47 97 62 32 63 60 47 112 62 13 10 32 32 32 32 60 47 98 111 100 121 62 13 10 60 47 104 116 109 108 62 ;
Wed Jan 08 17:00:27 CET 2020;ServerSide.ReceivedAFile;INFO;receivedAFile; File name : Page2.html, File length : 352, received from : Michmich2;
Wed Jan 08 17:00:27 CET 2020;ServerSide.ReceivedAFile;INFO;receivedAFile;File : Page2.html, Bytes received : 60 33 68 79 67 84 89 80 69 32 104 116 109 108 62 13 10 60 104 116 109 108 62 13 10 32 32 32 32 60 104 101 97 100 62 13 10 32 32 32 32 32 32 32 32 60 109 101 116 97 32 99 104 97 114 115 101 116 61 34 117 116 102 45 56 34 32 47 62 13 10 32 32 32 32 32 32 32 32 60 116 105 116 108 101 62 76 105 101 110 115 60 47 116 105 116 108 101 62 13 10 32 32 32 32 60 47 104 101 97 100 62 13 10 9 13 10 9 60 98 111 100 121 62 13 10 32 32 32 32 32 32 32 32 60 112 62 66 111 110 106 111 117 114 32 101 116 32 98 105 101 110 118 101 110 117 101 32 115 117 114 32 109 111 110 32 115 105 116 101 32 33 60 47 112 62 13 10 9 9 13 10 9 9 60 112 62 76 101 32 115 105 116 101 32 101 115 116 32 101 110 99 111 114 101 32 117 110 32 112 101 117 32 118 105 100 101 32 109 97 105 115 32 103 114 -61 -94 99 101 32 -61 -96 32 60 97 32 104 114 101 102 61 34 104 116 116 112 115 58 47 47 111 112 101 110 99 108 97 115 115 114 111 111 109 115 46 99 111 109 34 62 79 112 101 110 67 108 97 115 115 114 111 111 109 115 60 47 97 62 32 105 108 32 115 101 114 97 32 112 108 117 115 32 114 101 109 112 108 105 32 112 114 111 99 104 97 105 110 101 109 101 110 116 32 58 41 32 60 47 112 62 13 10 32 32 32 32 60 47 98 111 100 121 62 13 10 60 47 104 116 109 108 62 ;
Wed Jan 08 17:00:43 CET 2020;ServerSide.SendList;INFO;<init>;The list of available files for the user Michmich2 has been correctly sent;
Wed Jan 08 17:00:59 CET 2020;ServerSide.DeleteFile;SEVERE;<init>;Fatal error when trying to delete file : nullfrom user :Michmich2;
Wed Jan 08 17:01:07 CET 2020;ServerSide.ServerSideMain;INFO;main;<--- Start listening to clients --->;
Wed Jan 08 17:01:08 CET 2020;ServerSide.AcceptClients;INFO;run;---> Client number 1 is connected. <---;
Wed Jan 08 17:01:16 CET 2020;ServerSide.AcceptClients;INFO;run;User connection accepted for : Anorak;
Wed Jan 08 17:01:17 CET 2020;ServerSide.SendList;INFO;<init>;The list of available files for the user Anorak has been correctly sent;
Wed Jan 08 17:01:21 CET 2020;ServerSide.SendList;INFO;<init>;The list of available files for the user Anorak has been correctly sent;
Wed Jan 08 17:01:32 CET 2020;ServerSide.DeleteFile;SEVERE;<init>;Fatal error when trying to delete file : nullfrom user :Anorak;
Wed Jan 08 17:01:35 CET 2020;ServerSide.ServerSideMain;INFO;main;<--- Start listening to clients --->;
Wed Jan 08 17:01:36 CET 2020;ServerSide.AcceptClients;INFO;run;---> Client number 1 is connected. <---;
Wed Jan 08 17:01:40 CET 2020;ServerSide.AcceptClients;INFO;run;User connection accepted for : Anorak;
Wed Jan 08 17:01:44 CET 2020;ServerSide.SendList;INFO;<init>;The list of available files for the user Anorak has been correctly sent;
Wed Jan 08 17:01:50 CET 2020;ServerSide.DeleteFile;SEVERE;<init>;Fatal error when trying to delete file : nullfrom user :Anorak;
Wed Jan 08 17:04:05 CET 2020;ServerSide.ServerSideMain;INFO;main;<--- Start listening to clients --->;
Wed Jan 08 17:04:07 CET 2020;ServerSide.AcceptClients;INFO;run;---> Client number 1 is connected. <---;
Wed Jan 08 17:04:11 CET 2020;ServerSide.AcceptClients;INFO;run;User connection accepted for : Anorak;
Wed Jan 08 17:04:14 CET 2020;ServerSide.SendList;INFO;<init>;The list of available files for the user Anorak has been correctly sent;
Wed Jan 08 17:04:37 CET 2020;ServerSide.DeleteFile;INFO;deleteFile;The file .\VSShareCloud\Anorak\Page1.html has been deleted by Anorak;
Wed Jan 08 17:04:40 CET 2020;ServerSide.SendList;INFO;<init>;The list of available files for the user Anorak has been correctly sent;
Wed Jan 08 17:04:48 CET 2020;ServerSide.ReceivedAFile;INFO;receivedAFile; File name : Page1.html, File length : 283, received from : Anorak;
Wed Jan 08 17:04:48 CET 2020;ServerSide.ReceivedAFile;INFO;receivedAFile;File : Page1.html, Bytes received : 60 33 68 79 67 84 89 80 69 32 104 116 109 108 62 13 10 60 104 116 109 108 62 13 10 32 32 32 32 60 104 101 97 100 62 13 10 32 32 32 32 32 32 32 32 60 109 101 116 97 32 99 104 97 114 115 101 116 61 34 117 116 102 45 56 34 32 47 62 13 10 32 32 32 32 32 32 32 32 60 116 105 116 108 101 62 76 105 101 110 115 60 47 116 105 116 108 101 62 13 10 32 32 32 32 60 47 104 101 97 100 62 13 10 9 13 10 9 60 98 111 100 121 62 13 10 32 32 32 32 32 32 32 32 60 112 62 66 111 110 106 111 117 114 32 101 116 32 98 105 101 110 118 101 110 117 101 32 115 117 114 32 109 111 110 32 115 105 116 101 32 33 60 47 112 62 13 10 9 9 13 10 9 9 60 112 62 66 111 110 106 111 117 114 46 32 83 111 117 104 97 105 116 101 122 45 118 111 117 115 32 99 111 110 115 117 108 116 101 114 32 60 97 32 104 114 101 102 61 34 112 97 103 101 50 46 104 116 109 108 34 62 108 97 32 112 97 103 101 32 50 60 47 97 62 32 63 60 47 112 62 13 10 32 32 32 32 60 47 98 111 100 121 62 13 10 60 47 104 116 109 108 62 ;
Wed Jan 08 17:04:51 CET 2020;ServerSide.SendList;INFO;<init>;The list of available files for the user Anorak has been correctly sent;
Wed Jan 08 17:05:00 CET 2020;ServerSide.SendList;INFO;<init>;The list of available files for the user Anorak has been correctly sent;
Wed Jan 08 17:05:11 CET 2020;ServerSide.DeleteFile;SEVERE;<init>;Fatal error when trying to delete file : nullfrom user :Anorak;
Wed Jan 08 17:05:46 CET 2020;ServerSide.ServerSideMain;INFO;main;<--- Start listening to clients --->;
Wed Jan 08 17:05:47 CET 2020;ServerSide.AcceptClients;INFO;run;---> Client number 1 is connected. <---;
Wed Jan 08 17:05:52 CET 2020;ServerSide.AcceptClients;INFO;run;User connection accepted for : Anorak;
Wed Jan 08 17:06:00 CET 2020;ServerSide.ReceivedAFile;INFO;receivedAFile; File name : PremierePage.html, File length : 183, received from : Anorak;
Wed Jan 08 17:06:00 CET 2020;ServerSide.ReceivedAFile;INFO;receivedAFile;File : PremierePage.html, Bytes received : 60 33 68 79 67 84 89 80 69 32 104 116 109 108 62 13 10 60 104 116 109 108 62 13 10 9 60 104 101 97 100 62 13 10 9 9 60 109 101 116 97 32 99 104 97 114 115 101 116 61 34 85 84 70 45 56 34 32 47 62 13 10 9 9 60 116 105 116 108 101 62 84 105 116 114 101 32 100 101 32 108 97 32 112 97 103 101 60 47 116 105 116 108 101 62 13 10 9 60 47 104 101 97 100 62 13 10 9 60 98 111 100 121 62 13 10 9 9 101 101 101 101 32 60 47 98 114 62 13 10 9 9 116 101 115 116 13 10 9 9 13 10 9 9 60 33 45 45 32 67 111 109 109 101 110 116 97 105 114 101 32 45 45 62 13 10 9 60 47 98 111 100 121 62 13 10 60 47 104 116 109 108 62 ;
Wed Jan 08 17:06:06 CET 2020;ServerSide.SendList;INFO;<init>;The list of available files for the user Anorak has been correctly sent;
Wed Jan 08 17:06:18 CET 2020;ServerSide.DeleteFile;INFO;deleteFile;The file .\VSShareCloud\Anorak\PremierePage.html has been deleted by Anorak;
Wed Jan 08 17:15:46 CET 2020;ServerSide.ServerSideMain;INFO;main;<--- Start listening to clients --->;
Wed Jan 08 17:15:48 CET 2020;ServerSide.AcceptClients;INFO;run;---> Client number 1 is connected. <---;
Wed Jan 08 17:16:00 CET 2020;ServerSide.AcceptClients;INFO;run;New user added in DB : Anorak;
Wed Jan 08 17:16:00 CET 2020;ServerSide.AcceptClients;INFO;run;New folder created for the new user : Anorak;
Wed Jan 08 17:19:23 CET 2020;ServerSide.ReceivedAFile;INFO;receivedAFile; File name : FileOne.txt, File length : 22, received from : Anorak;
Wed Jan 08 17:19:23 CET 2020;ServerSide.ReceivedAFile;INFO;receivedAFile;File received : FileOne.txt, from user : Anorak;
Wed Jan 08 17:19:35 CET 2020;ServerSide.SendList;INFO;<init>;The list of available files for the user Anorak has been correctly sent;
Wed Jan 08 17:20:03 CET 2020;ServerSide.SendList;INFO;<init>;The list of available files for the user Anorak has been correctly sent;
Wed Jan 08 17:20:09 CET 2020;ServerSide.ThrowAFile;INFO;throwAFile;AnorakFile name to throw :FileOne.txt;
Wed Jan 08 17:20:09 CET 2020;ServerSide.ThrowAFile;INFO;throwAFile;File has been sent to the client. // Name FileOne.txt // Length 22 // Bytes sended 84 104 105 115 32 105 115 32 116 104 101 32 102 105 108 101 32 111 110 101 32 33 ;
Wed Jan 08 17:20:22 CET 2020;ServerSide.SendList;INFO;<init>;The list of available files for the user Anorak has been correctly sent;
Wed Jan 08 17:21:05 CET 2020;ServerSide.AcceptClients;INFO;run;---> Client number 2 is connected. <---;
Wed Jan 08 17:21:26 CET 2020;ServerSide.AcceptClients;INFO;run;User connection accepted for : Michmich;
Wed Jan 08 17:21:41 CET 2020;ServerSide.SendList;INFO;<init>;The list of available files for the user Michmich has been correctly sent;
Wed Jan 08 17:22:07 CET 2020;ServerSide.SendList;INFO;<init>;The list of available files for the user Michmich has been correctly sent;
Wed Jan 08 17:22:28 CET 2020;ServerSide.SendList;INFO;<init>;The list of available files for the user Michmich has been correctly sent;
Wed Jan 08 17:22:54 CET 2020;ServerSide.AcceptClients;INFO;run;---> Client number 3 is connected. <---;
Wed Jan 08 17:23:10 CET 2020;ServerSide.AcceptClients;INFO;run;User connection accepted for : Michmich;
Wed Jan 08 17:23:13 CET 2020;ServerSide.SendList;INFO;<init>;The list of available files for the user Michmich has been correctly sent;
Wed Jan 08 17:23:24 CET 2020;ServerSide.DeleteSharedFile;INFO;<init>;Wrong file name or password for the file qfrom user :Michmich;
Wed Jan 08 17:23:48 CET 2020;ServerSide.SendList;INFO;<init>;The list of available files for the user Michmich has been correctly sent;
Wed Jan 08 17:23:52 CET 2020;ServerSide.SendList;INFO;<init>;The list of available files for the user Michmich has been correctly sent;
Wed Jan 08 17:26:45 CET 2020;ServerSide.ServerSideMain;INFO;main;<--- Start listening to clients --->;
Wed Jan 08 17:26:49 CET 2020;ServerSide.AcceptClients;INFO;run;---> Client number 1 is connected. <---;
Wed Jan 08 17:26:59 CET 2020;ServerSide.AcceptClients;INFO;run;User connection accepted for : Michmich;
Wed Jan 08 17:27:01 CET 2020;ServerSide.SendList;INFO;<init>;The list of available files for the user Michmich has been correctly sent;
Wed Jan 08 17:27:04 CET 2020;ServerSide.SendList;INFO;<init>;The list of available files for the user Michmich has been correctly sent;
Wed Jan 08 17:28:37 CET 2020;ServerSide.DeleteFile;SEVERE;<init>;Fatal error when trying to delete file : nullfrom user :Michmich;
Wed Jan 08 17:31:36 CET 2020;ServerSide.ServerSideMain;INFO;main;<--- Start listening to clients --->;
Wed Jan 08 17:31:39 CET 2020;ServerSide.AcceptClients;INFO;run;---> Client number 1 is connected. <---;
Wed Jan 08 17:31:47 CET 2020;ServerSide.AcceptClients;INFO;run;User connection accepted for : Michmich;
Wed Jan 08 17:31:52 CET 2020;ServerSide.SendList;INFO;<init>;The list of available files for the user Michmich has been correctly sent;
Wed Jan 08 17:31:56 CET 2020;ServerSide.SendList;INFO;<init>;The list of available files for the user Michmich has been correctly sent;
Wed Jan 08 17:32:23 CET 2020;ServerSide.DeleteFile;SEVERE;<init>;Fatal error when trying to delete file : nullfrom user :Michmich;
Wed Jan 08 17:32:25 CET 2020;ServerSide.AcceptClients;SEVERE;performAction;performAction error;
Wed Jan 08 17:34:24 CET 2020;ServerSide.ServerSideMain;INFO;main;<--- Start listening to clients --->;
Wed Jan 08 17:34:26 CET 2020;ServerSide.AcceptClients;INFO;run;---> Client number 1 is connected. <---;
Wed Jan 08 17:34:31 CET 2020;ServerSide.AcceptClients;INFO;run;User connection accepted for : Michmich;
Wed Jan 08 17:34:34 CET 2020;ServerSide.SendList;INFO;<init>;The list of available files for the user Michmich has been correctly sent;
Wed Jan 08 17:34:38 CET 2020;ServerSide.DeleteFile;INFO;deleteFile;The file .\VSShareCloud\Michmich\Paragraphe.html has been deleted by Michmich;
Wed Jan 08 17:34:41 CET 2020;ServerSide.SendList;INFO;<init>;No files are available for user Michmich;
Wed Jan 08 17:34:45 CET 2020;ServerSide.SendList;INFO;<init>;No files are available for user Michmich;
Wed Jan 08 17:34:49 CET 2020;ServerSide.DeleteFile;INFO;deleteFile;The file .\VSShareCloud\Michmich\q does not exists or the name has been typed wrong by Michmich;
Wed Jan 08 17:35:08 CET 2020;ServerSide.SendList;INFO;<init>;The list of available files for the user Michmich has been correctly sent;
Wed Jan 08 17:35:15 CET 2020;ServerSide.DeleteSharedFile;INFO;<init>;The file Paragraphe.html has been deleted by Michmich;
Wed Jan 08 17:35:36 CET 2020;ServerSide.AcceptClients;SEVERE;performAction;performAction error;
Wed Jan 08 17:35:39 CET 2020;ServerSide.ServerSideMain;INFO;main;<--- Start listening to clients --->;
Wed Jan 08 17:35:41 CET 2020;ServerSide.AcceptClients;INFO;run;---> Client number 1 is connected. <---;
Wed Jan 08 17:35:47 CET 2020;ServerSide.AcceptClients;INFO;run;User connection accepted for : Aurelien;
Wed Jan 08 17:35:50 CET 2020;ServerSide.SendList;INFO;<init>;No files are available for user Aurelien;
Wed Jan 08 17:36:00 CET 2020;ServerSide.ReceivedAFile;INFO;receivedAFile; File name : FileFour.txt, File length : 23, received from : Aurelien;
Wed Jan 08 17:36:00 CET 2020;ServerSide.ReceivedAFile;INFO;receivedAFile;File received : FileFour.txt, from user : Aurelien;
Wed Jan 08 17:36:02 CET 2020;ServerSide.SendList;INFO;<init>;The list of available files for the user Aurelien has been correctly sent;
Wed Jan 08 17:36:04 CET 2020;ServerSide.SendList;INFO;<init>;The list of available files for the user Aurelien has been correctly sent;
Wed Jan 08 17:36:50 CET 2020;ServerSide.DeleteFile;INFO;deleteFile;The file .\VSShareCloud\Aurelien\FileFour.txt has been deleted by Aurelien;
Wed Jan 08 17:36:54 CET 2020;ServerSide.AcceptClients;WARNING;executeAction;User Aurelien has closed the connection.;
Wed Jan 08 17:37:02 CET 2020;ServerSide.AcceptClients;INFO;run;---> Client number 2 is connected. <---;
Wed Jan 08 17:37:06 CET 2020;ServerSide.AcceptClients;INFO;run;User connection accepted for : Brice;
Wed Jan 08 17:37:07 CET 2020;ServerSide.SendList;INFO;<init>;The list of available files for the user Brice has been correctly sent;
Wed Jan 08 17:37:10 CET 2020;ServerSide.SendList;INFO;<init>;The list of available files for the user Brice has been correctly sent;
Wed Jan 08 17:37:15 CET 2020;ServerSide.DeleteFile;INFO;deleteFile;The file .\VSShareCloud\Brice\BriceDoc.txt has been deleted by Brice;
Wed Jan 08 17:37:18 CET 2020;ServerSide.SendList;INFO;<init>;No files are available for user Brice;
Wed Jan 08 17:37:32 CET 2020;ServerSide.AcceptClients;WARNING;executeAction;User Brice has closed the connection.;
Wed Jan 08 17:37:43 CET 2020;ServerSide.ServerSideMain;INFO;main;<--- Start listening to clients --->;
Wed Jan 08 17:37:45 CET 2020;ServerSide.AcceptClients;INFO;run;---> Client number 1 is connected. <---;
Wed Jan 08 17:37:52 CET 2020;ServerSide.AcceptClients;INFO;run;New user added in DB : Pierro;
Wed Jan 08 17:37:52 CET 2020;ServerSide.AcceptClients;INFO;run;New folder created for the new user : Pierro;
Wed Jan 08 17:37:57 CET 2020;ServerSide.ReceivedAFile;INFO;receivedAFile; File name : FileOne.txt, File length : 22, received from : Pierro;
Wed Jan 08 17:37:57 CET 2020;ServerSide.ReceivedAFile;INFO;receivedAFile;File received : FileOne.txt, from user : Pierro;
Wed Jan 08 17:38:01 CET 2020;ServerSide.SendList;INFO;<init>;The list of available files for the user Pierro has been correctly sent;
Wed Jan 08 17:38:03 CET 2020;ServerSide.SendList;INFO;<init>;The list of available files for the user Pierro has been correctly sent;
Wed Jan 08 17:38:07 CET 2020;ServerSide.DeleteFile;INFO;deleteFile;The file .\VSShareCloud\Pierro\FileOne.txt has been deleted by Pierro;
Wed Jan 08 17:38:09 CET 2020;ServerSide.SendList;INFO;<init>;No files are available for user Pierro;
Wed Jan 08 17:38:16 CET 2020;ServerSide.ReceivedAFile;INFO;receivedAFile; File name : LogoHES.png, File length : 45010, received from : Pierro;
Wed Jan 08 17:38:16 CET 2020;ServerSide.ReceivedAFile;INFO;receivedAFile;File received : LogoHES.png, from user : Pierro;
Wed Jan 08 17:38:20 CET 2020;ServerSide.SendList;INFO;<init>;The list of available files for the user Pierro has been correctly sent;
Wed Jan 08 17:38:38 CET 2020;ServerSide.AcceptClients;WARNING;executeAction;User Pierro has closed the connection.;
Wed Jan 08 17:40:11 CET 2020;ServerSide.ServerSideMain;INFO;main;<--- Start listening to clients --->;
Wed Jan 08 17:40:12 CET 2020;ServerSide.AcceptClients;INFO;run;---> Client number 1 is connected. <---;
Wed Jan 08 17:40:13 CET 2020;ServerSide.AcceptClients;SEVERE;run;Failed to receive menu choice from client : null or the connection to the client crashed.;
Wed Jan 08 17:42:52 CET 2020;ServerSide.ServerSideMain;INFO;main;<--- Start listening to clients --->;
Wed Jan 08 17:42:54 CET 2020;ServerSide.AcceptClients;INFO;run;---> Client number 1 is connected. <---;
Wed Jan 08 17:43:01 CET 2020;ServerSide.AcceptClients;INFO;run;New user added in DB : Anorak;
Wed Jan 08 17:43:01 CET 2020;ServerSide.AcceptClients;INFO;run;New folder created for the new user : Anorak;
Wed Jan 08 17:43:09 CET 2020;ServerSide.ReceivedAFile;INFO;receivedAFile; File name : FileOne.txt, File length : 22, received from : Anorak;
Wed Jan 08 17:43:09 CET 2020;ServerSide.ReceivedAFile;INFO;receivedAFile;File received : FileOne.txt, from user : Anorak;
Wed Jan 08 17:43:12 CET 2020;ServerSide.SendList;INFO;<init>;The list of available files for the user Anorak has been correctly sent;
Wed Jan 08 17:43:17 CET 2020;ServerSide.SendList;INFO;<init>;The list of available files for the user Anorak has been correctly sent;
Wed Jan 08 17:43:40 CET 2020;ServerSide.ThrowAFile;INFO;throwAFile;AnorakFile name to throw :FileOne.txt;
Wed Jan 08 17:43:40 CET 2020;ServerSide.ThrowAFile;INFO;throwAFile;File has been sent to the client. // Name FileOne.txt // Length 22 // Bytes sended 84 104 105 115 32 105 115 32 116 104 101 32 102 105 108 101 32 111 110 101 32 33 ;
Wed Jan 08 17:43:58 CET 2020;ServerSide.SendList;INFO;<init>;The list of available files for the user Anorak has been correctly sent;
Wed Jan 08 17:44:29 CET 2020;ServerSide.DeleteFile;SEVERE;<init>;Fatal error when trying to delete file : nullfrom user :Anorak;
Wed Jan 08 17:44:31 CET 2020;ServerSide.AcceptClients;SEVERE;performAction;performAction error;
Wed Jan 08 17:44:41 CET 2020;ServerSide.AcceptClients;INFO;run;---> Client number 2 is connected. <---;
Wed Jan 08 17:47:56 CET 2020;ServerSide.AcceptClients;SEVERE;run;Failed to receive menu choice from client : null or the connection to the client crashed.;
Wed Jan 08 17:48:07 CET 2020;ServerSide.ServerSideMain;INFO;main;<--- Start listening to clients --->;
Wed Jan 08 17:48:08 CET 2020;ServerSide.AcceptClients;INFO;run;---> Client number 1 is connected. <---;
Wed Jan 08 17:48:15 CET 2020;ServerSide.AcceptClients;INFO;run;User connection accepted for : Michmich;
Wed Jan 08 17:48:17 CET 2020;ServerSide.SendList;INFO;<init>;The list of available files for the user Michmich has been correctly sent;
Wed Jan 08 17:48:22 CET 2020;ServerSide.SendList;INFO;<init>;The list of available files for the user Michmich has been correctly sent;
Wed Jan 08 17:48:45 CET 2020;ServerSide.CopyAFileInShared;SEVERE;<init>;Failed to receive file.;
Wed Jan 08 17:48:49 CET 2020;ServerSide.ServerSideMain;INFO;main;<--- Start listening to clients --->;
Wed Jan 08 17:48:49 CET 2020;ServerSide.AcceptClients;INFO;run;---> Client number 1 is connected. <---;
Wed Jan 08 17:48:56 CET 2020;ServerSide.AcceptClients;INFO;run;User connection accepted for : Michmich;
Wed Jan 08 17:48:58 CET 2020;ServerSide.SendList;INFO;<init>;The list of available files for the user Michmich has been correctly sent;
Wed Jan 08 17:49:04 CET 2020;ServerSide.SendList;INFO;<init>;The list of available files for the user Michmich has been correctly sent;
Wed Jan 08 17:49:14 CET 2020;ServerSide.DeleteSharedFile;INFO;<init>;Wrong file name or password for the file sfrom user :Michmich;
Wed Jan 08 17:49:17 CET 2020;ServerSide.SendList;INFO;<init>;The list of available files for the user Michmich has been correctly sent;
Wed Jan 08 17:49:42 CET 2020;ServerSide.SendList;INFO;<init>;The list of available files for the user Michmich has been correctly sent;
Wed Jan 08 17:49:46 CET 2020;ServerSide.SendList;INFO;<init>;The list of available files for the user Michmich has been correctly sent;
Wed Jan 08 17:49:50 CET 2020;ServerSide.CopyAFileInShared;SEVERE;<init>;Failed to receive file.;
Wed Jan 08 17:50:15 CET 2020;ServerSide.ServerSideMain;INFO;main;<--- Start listening to clients --->;
Wed Jan 08 17:50:17 CET 2020;ServerSide.AcceptClients;INFO;run;---> Client number 1 is connected. <---;
Wed Jan 08 18:03:55 CET 2020;ServerSide.ServerSideMain;INFO;main;<--- Start listening to clients --->;
Wed Jan 08 18:03:59 CET 2020;ServerSide.AcceptClients;INFO;run;---> Client number 1 is connected. <---;
Wed Jan 08 18:04:00 CET 2020;ServerSide.AcceptClients;SEVERE;run;Failed to receive menu choice from client : null or the connection to the client crashed.;
Wed Jan 08 18:05:40 CET 2020;ServerSide.ServerSideMain;INFO;main;<--- Start listening to clients --->;
Wed Jan 08 18:13:37 CET 2020;ServerSide.ServerSideMain;INFO;main;<--- Start listening to clients --->;
Wed Jan 08 18:13:39 CET 2020;ServerSide.AcceptClients;INFO;run;---> Client number 1 is connected. <---;
Wed Jan 08 18:13:43 CET 2020;ServerSide.AcceptClients;INFO;run;User connection accepted for : Aurelien;
Wed Jan 08 18:13:45 CET 2020;ServerSide.SendList;INFO;<init>;The list of available files for the user Aurelien has been correctly sent;
Wed Jan 08 18:13:48 CET 2020;ServerSide.SendList;INFO;<init>;The list of available files for the user Aurelien has been correctly sent;
Wed Jan 08 18:14:15 CET 2020;ServerSide.ServerSideMain;INFO;main;<--- Start listening to clients --->;
Wed Jan 08 18:14:16 CET 2020;ServerSide.AcceptClients;INFO;run;---> Client number 1 is connected. <---;
Wed Jan 08 18:14:19 CET 2020;ServerSide.AcceptClients;INFO;run;User connection accepted for : Aurelien;
Wed Jan 08 18:14:19 CET 2020;ServerSide.SendList;INFO;<init>;The list of available files for the user Aurelien has been correctly sent;
Wed Jan 08 18:14:24 CET 2020;ServerSide.SendList;INFO;<init>;The list of available files for the user Aurelien has been correctly sent;
Wed Jan 08 18:14:26 CET 2020;ServerSide.DeleteFile;SEVERE;<init>;Fatal error when trying to delete file : nullfrom user :Aurelien;
Wed Jan 08 18:17:24 CET 2020;ServerSide.ServerSideMain;INFO;main;<--- Start listening to clients --->;
Wed Jan 08 18:17:26 CET 2020;ServerSide.AcceptClients;INFO;run;---> Client number 1 is connected. <---;
Wed Jan 08 18:17:29 CET 2020;ServerSide.AcceptClients;INFO;run;User connection accepted for : Aurelien;
Wed Jan 08 18:17:31 CET 2020;ServerSide.SendList;INFO;<init>;The list of available files for the user Aurelien has been correctly sent;
Wed Jan 08 18:17:33 CET 2020;ServerSide.SendList;INFO;<init>;The list of available files for the user Aurelien has been correctly sent;
Wed Jan 08 18:17:37 CET 2020;ServerSide.DeleteFile;SEVERE;<init>;Fatal error when trying to delete file : nullfrom user :Aurelien;
Wed Jan 08 18:17:38 CET 2020;ServerSide.AcceptClients;SEVERE;performAction;performAction error;
Wed Jan 08 18:19:38 CET 2020;ServerSide.ServerSideMain;INFO;main;<--- Start listening to clients --->;
Wed Jan 08 18:19:39 CET 2020;ServerSide.AcceptClients;INFO;run;---> Client number 1 is connected. <---;
Wed Jan 08 18:19:42 CET 2020;ServerSide.AcceptClients;INFO;run;User connection accepted for : Aurelien;
Wed Jan 08 18:19:43 CET 2020;ServerSide.SendList;INFO;<init>;The list of available files for the user Aurelien has been correctly sent;
Wed Jan 08 18:19:47 CET 2020;ServerSide.SendList;INFO;<init>;The list of available files for the user Aurelien has been correctly sent;
Wed Jan 08 18:19:58 CET 2020;ServerSide.DeleteFile;SEVERE;<init>;Fatal error when trying to delete file : nullfrom user :Aurelien;
Wed Jan 08 18:20:04 CET 2020;ServerSide.ServerSideMain;INFO;main;<--- Start listening to clients --->;
Wed Jan 08 18:20:06 CET 2020;ServerSide.AcceptClients;INFO;run;---> Client number 1 is connected. <---;
Wed Jan 08 18:20:08 CET 2020;ServerSide.AcceptClients;INFO;run;User connection accepted for : Aurelien;
Wed Jan 08 18:20:09 CET 2020;ServerSide.SendList;INFO;<init>;The list of available files for the user Aurelien has been correctly sent;
Wed Jan 08 18:20:12 CET 2020;ServerSide.SendList;INFO;<init>;The list of available files for the user Aurelien has been correctly sent;
Wed Jan 08 18:20:25 CET 2020;ServerSide.DeleteFile;SEVERE;<init>;Fatal error when trying to delete file : nullfrom user :Aurelien;
Wed Jan 08 18:20:26 CET 2020;ServerSide.AcceptClients;SEVERE;performAction;performAction error;
Wed Jan 08 18:25:39 CET 2020;ServerSide.ServerSideMain;INFO;main;<--- Start listening to clients --->;
Wed Jan 08 18:25:40 CET 2020;ServerSide.AcceptClients;INFO;run;---> Client number 1 is connected. <---;
Wed Jan 08 18:25:43 CET 2020;ServerSide.AcceptClients;INFO;run;User connection accepted for : Aurelien;
Wed Jan 08 18:25:45 CET 2020;ServerSide.SendList;INFO;<init>;The list of available files for the user Aurelien has been correctly sent;
Wed Jan 08 18:25:57 CET 2020;ServerSide.DeleteFile;SEVERE;<init>;Fatal error when trying to delete file : nullfrom user :Aurelien;
Wed Jan 08 18:25:59 CET 2020;ServerSide.AcceptClients;SEVERE;performAction;performAction error;
Wed Jan 08 18:27:16 CET 2020;ServerSide.ServerSideMain;INFO;main;<--- Start listening to clients --->;
Wed Jan 08 18:27:18 CET 2020;ServerSide.AcceptClients;INFO;run;---> Client number 1 is connected. <---;
Wed Jan 08 18:27:21 CET 2020;ServerSide.AcceptClients;INFO;run;User connection accepted for : Aurelien;
Wed Jan 08 18:27:21 CET 2020;ServerSide.SendList;INFO;<init>;The list of available files for the user Aurelien has been correctly sent;
Wed Jan 08 18:27:26 CET 2020;ServerSide.SendList;INFO;<init>;The list of available files for the user Aurelien has been correctly sent;
Wed Jan 08 18:27:31 CET 2020;ServerSide.DeleteFile;SEVERE;<init>;Fatal error when trying to delete file : nullfrom user :Aurelien;
Wed Jan 08 18:29:34 CET 2020;ServerSide.ServerSideMain;INFO;main;<--- Start listening to clients --->;
Wed Jan 08 18:29:37 CET 2020;ServerSide.AcceptClients;INFO;run;---> Client number 1 is connected. <---;
Wed Jan 08 18:29:40 CET 2020;ServerSide.AcceptClients;INFO;run;User connection accepted for : Aurelien;
Wed Jan 08 18:29:44 CET 2020;ServerSide.SendList;INFO;<init>;The list of available files for the user Aurelien has been correctly sent;
Wed Jan 08 18:29:46 CET 2020;ServerSide.SendList;INFO;<init>;The list of available files for the user Aurelien has been correctly sent;
Wed Jan 08 18:31:37 CET 2020;ServerSide.DeleteFile;SEVERE;<init>;Fatal error when trying to delete file : nullfrom user :Aurelien;
Wed Jan 08 18:31:38 CET 2020;ServerSide.AcceptClients;SEVERE;performAction;performAction error;
Wed Jan 08 18:31:42 CET 2020;ServerSide.AcceptClients;INFO;run;---> Client number 2 is connected. <---;
Wed Jan 08 18:31:46 CET 2020;ServerSide.AcceptClients;INFO;run;User connection accepted for : Aurelien;
Wed Jan 08 18:31:46 CET 2020;ServerSide.SendList;INFO;<init>;The list of available files for the user Aurelien has been correctly sent;
Wed Jan 08 18:31:50 CET 2020;ServerSide.SendList;INFO;<init>;The list of available files for the user Aurelien has been correctly sent;
Wed Jan 08 18:31:54 CET 2020;ServerSide.DeleteFile;SEVERE;<init>;Fatal error when trying to delete file : nullfrom user :Aurelien;
Wed Jan 08 18:31:56 CET 2020;ServerSide.AcceptClients;SEVERE;performAction;performAction error;
Wed Jan 08 18:35:32 CET 2020;ServerSide.ServerSideMain;INFO;main;<--- Start listening to clients --->;
Wed Jan 08 18:35:33 CET 2020;ServerSide.AcceptClients;INFO;run;---> Client number 1 is connected. <---;
Wed Jan 08 18:35:44 CET 2020;ServerSide.AcceptClients;SEVERE;run;Failed to receive menu choice from client : null or the connection to the client crashed.;
Wed Jan 08 18:35:47 CET 2020;ServerSide.ServerSideMain;INFO;main;<--- Start listening to clients --->;
Wed Jan 08 18:35:48 CET 2020;ServerSide.AcceptClients;INFO;run;---> Client number 1 is connected. <---;
Wed Jan 08 18:35:55 CET 2020;ServerSide.AcceptClients;INFO;run;New user added in DB : Anorak;
Wed Jan 08 18:35:55 CET 2020;ServerSide.AcceptClients;INFO;run;New folder created for the new user : Anorak;
Wed Jan 08 18:36:01 CET 2020;ServerSide.ReceivedAFile;INFO;receivedAFile; File name : FileOne.txt, File length : 22, received from : Anorak;
Wed Jan 08 18:36:01 CET 2020;ServerSide.ReceivedAFile;INFO;receivedAFile;File received : FileOne.txt, from user : Anorak;
Wed Jan 08 18:36:04 CET 2020;ServerSide.SendList;INFO;<init>;The list of available files for the user Anorak has been correctly sent;
Wed Jan 08 18:36:09 CET 2020;ServerSide.SendList;INFO;<init>;The list of available files for the user Anorak has been correctly sent;
Wed Jan 08 18:36:27 CET 2020;ServerSide.ThrowAFile;INFO;throwAFile;AnorakFile name to throw :FileOne.txt;
Wed Jan 08 18:36:27 CET 2020;ServerSide.ThrowAFile;INFO;throwAFile;File has been sent to the client. // Name FileOne.txt // Length 22 // Bytes sended 84 104 105 115 32 105 115 32 116 104 101 32 102 105 108 101 32 111 110 101 32 33 ;
Wed Jan 08 18:36:41 CET 2020;ServerSide.SendList;INFO;<init>;The list of available files for the user Anorak has been correctly sent;
Wed Jan 08 18:36:46 CET 2020;ServerSide.DeleteFile;INFO;deleteFile;The file .\VSShareCloud\Anorak\FileOne.txt has been deleted by Anorak;
Wed Jan 08 18:36:49 CET 2020;ServerSide.SendList;INFO;<init>;The list of available files for the user Anorak has been correctly sent;
Wed Jan 08 18:37:02 CET 2020;ServerSide.SendList;INFO;<init>;The list of available files for the user Anorak has been correctly sent;
Wed Jan 08 18:37:05 CET 2020;ServerSide.SendList;INFO;<init>;The list of available files for the user Anorak has been correctly sent;
Wed Jan 08 18:37:08 CET 2020;ServerSide.DeleteFile;INFO;deleteFile;The file .\VSShareCloud\Anorak\FileOne.txt has been deleted by Anorak;
Wed Jan 08 18:37:15 CET 2020;ServerSide.SendList;INFO;<init>;The list of available files for the user Anorak has been correctly sent;
Wed Jan 08 18:38:51 CET 2020;ServerSide.ServerSideMain;INFO;main;<--- Start listening to clients --->;
Wed Jan 08 18:38:53 CET 2020;ServerSide.AcceptClients;INFO;run;---> Client number 1 is connected. <---;
Wed Jan 08 18:38:56 CET 2020;ServerSide.AcceptClients;SEVERE;run;Failed to receive menu choice from client : null or the connection to the client crashed.;
Wed Jan 08 18:39:00 CET 2020;ServerSide.ServerSideMain;INFO;main;<--- Start listening to clients --->;
Wed Jan 08 18:39:02 CET 2020;ServerSide.AcceptClients;INFO;run;---> Client number 1 is connected. <---;
Wed Jan 08 18:39:10 CET 2020;ServerSide.AcceptClients;INFO;run;New user added in DB : Anorak;
Wed Jan 08 18:39:10 CET 2020;ServerSide.AcceptClients;INFO;run;New folder created for the new user : Anorak;
Wed Jan 08 18:39:16 CET 2020;ServerSide.ReceivedAFile;INFO;receivedAFile; File name : FileOne.txt, File length : 22, received from : Anorak;
Wed Jan 08 18:39:16 CET 2020;ServerSide.ReceivedAFile;INFO;receivedAFile;File received : FileOne.txt, from user : Anorak;
Wed Jan 08 18:39:32 CET 2020;ServerSide.SendList;INFO;<init>;The list of available files for the user Anorak has been correctly sent;
Wed Jan 08 18:39:35 CET 2020;ServerSide.SendList;INFO;<init>;The list of available files for the user Anorak has been correctly sent;
Wed Jan 08 18:39:40 CET 2020;ServerSide.ThrowAFile;INFO;throwAFile;AnorakFile name to throw :FileOne.txt;
Wed Jan 08 18:39:40 CET 2020;ServerSide.ThrowAFile;INFO;throwAFile;File has been sent to the client. // Name FileOne.txt // Length 22 // Bytes sended 84 104 105 115 32 105 115 32 116 104 101 32 102 105 108 101 32 111 110 101 32 33 ;
Wed Jan 08 18:39:40 CET 2020;ServerSide.AcceptClients;SEVERE;performAction;performAction error;
Wed Jan 08 18:41:05 CET 2020;ServerSide.ServerSideMain;INFO;main;<--- Start listening to clients --->;
Wed Jan 08 18:41:10 CET 2020;ServerSide.AcceptClients;INFO;run;---> Client number 1 is connected. <---;
Wed Jan 08 18:41:15 CET 2020;ServerSide.AcceptClients;INFO;run;New user added in DB : Anorak;
Wed Jan 08 18:41:15 CET 2020;ServerSide.AcceptClients;INFO;run;New folder created for the new user : Anorak;
Wed Jan 08 18:41:19 CET 2020;ServerSide.ReceivedAFile;INFO;receivedAFile; File name : FileOne.txt, File length : 22, received from : Anorak;
Wed Jan 08 18:41:19 CET 2020;ServerSide.ReceivedAFile;INFO;receivedAFile;File received : FileOne.txt, from user : Anorak;
Wed Jan 08 18:41:22 CET 2020;ServerSide.SendList;INFO;<init>;The list of available files for the user Anorak has been correctly sent;
Wed Jan 08 18:41:24 CET 2020;ServerSide.SendList;INFO;<init>;The list of available files for the user Anorak has been correctly sent;
Wed Jan 08 18:41:37 CET 2020;ServerSide.ThrowAFile;INFO;throwAFile;AnorakFile name to throw :FileOne.txt;
Wed Jan 08 18:41:37 CET 2020;ServerSide.ThrowAFile;INFO;throwAFile;File has been sent to the client. // Name FileOne.txt // Length 22 // Bytes sended 84 104 105 115 32 105 115 32 116 104 101 32 102 105 108 101 32 111 110 101 32 33 ;
Wed Jan 08 18:41:43 CET 2020;ServerSide.SendList;INFO;<init>;The list of available files for the user Anorak has been correctly sent;
Wed Jan 08 18:41:47 CET 2020;ServerSide.DeleteFile;INFO;deleteFile;The file .\VSShareCloud\Anorak\FileOne.txt has been deleted by Anorak;
Wed Jan 08 18:41:50 CET 2020;ServerSide.SendList;INFO;<init>;No files are available for user Anorak;
Wed Jan 08 18:42:09 CET 2020;ServerSide.AcceptClients;WARNING;executeAction;User Anorak has closed the connection.;
Wed Jan 08 18:42:15 CET 2020;ServerSide.AcceptClients;INFO;run;---> Client number 2 is connected. <---;
Wed Jan 08 18:42:23 CET 2020;ServerSide.AcceptClients;INFO;run;---> Client number 3 is connected. <---;
Wed Jan 08 18:42:34 CET 2020;ServerSide.AcceptClients;INFO;run;User connection accepted for : Michmich;
Wed Jan 08 18:42:37 CET 2020;ServerSide.SendList;INFO;<init>;The list of available files for the user Michmich has been correctly sent;
Wed Jan 08 18:42:47 CET 2020;ServerSide.SendList;INFO;<init>;The list of available files for the user Michmich has been correctly sent;
Wed Jan 08 18:42:54 CET 2020;ServerSide.SendList;INFO;<init>;The list of available files for the user Michmich has been correctly sent;
Wed Jan 08 18:44:42 CET 2020;ServerSide.ThrowAFile;SEVERE;throwAFile;Fatal error when trying to send a file to the client.;
Wed Jan 08 18:44:42 CET 2020;ServerSide.AcceptClients;SEVERE;run;Failed to receive menu choice from client : null or the connection to the client crashed.;
Wed Jan 08 18:46:44 CET 2020;ServerSide.ServerSideMain;INFO;main;<--- Start listening to clients --->;
Wed Jan 08 18:46:46 CET 2020;ServerSide.AcceptClients;INFO;run;---> Client number 1 is connected. <---;
Wed Jan 08 18:46:54 CET 2020;ServerSide.AcceptClients;INFO;run;New user added in DB : Anorak;
Wed Jan 08 18:46:54 CET 2020;ServerSide.AcceptClients;INFO;run;New folder created for the new user : Anorak;
Wed Jan 08 18:46:59 CET 2020;ServerSide.ReceivedAFile;INFO;receivedAFile; File name : FileOne.txt, File length : 22, received from : Anorak;
Wed Jan 08 18:46:59 CET 2020;ServerSide.ReceivedAFile;INFO;receivedAFile;File received : FileOne.txt, from user : Anorak;
Wed Jan 08 18:47:02 CET 2020;ServerSide.SendList;INFO;<init>;The list of available files for the user Anorak has been correctly sent;
Wed Jan 08 18:47:08 CET 2020;ServerSide.SendList;INFO;<init>;The list of available files for the user Anorak has been correctly sent;
Wed Jan 08 18:47:12 CET 2020;ServerSide.ThrowAFile;INFO;throwAFile;AnorakFile name to throw :FileOne.txt;
Wed Jan 08 18:47:12 CET 2020;ServerSide.ThrowAFile;INFO;throwAFile;File has been sent to the client. // Name FileOne.txt // Length 22 // Bytes sended 84 104 105 115 32 105 115 32 116 104 101 32 102 105 108 101 32 111 110 101 32 33 ;
Wed Jan 08 18:47:23 CET 2020;ServerSide.SendList;INFO;<init>;The list of available files for the user Anorak has been correctly sent;
Wed Jan 08 18:47:27 CET 2020;ServerSide.DeleteFile;INFO;deleteFile;The file .\VSShareCloud\Anorak\FileOne.txt has been deleted by Anorak;
Wed Jan 08 18:47:29 CET 2020;ServerSide.SendList;INFO;<init>;No files are available for user Anorak;
Wed Jan 08 18:47:33 CET 2020;ServerSide.AcceptClients;WARNING;executeAction;User Anorak has closed the connection.;
Wed Jan 08 18:47:38 CET 2020;ServerSide.AcceptClients;INFO;run;---> Client number 2 is connected. <---;
Wed Jan 08 18:47:46 CET 2020;ServerSide.AcceptClients;INFO;run;User connection accepted for : Michmich;
Wed Jan 08 18:47:50 CET 2020;ServerSide.SendList;INFO;<init>;The list of available files for the user Michmich has been correctly sent;
Wed Jan 08 18:48:08 CET 2020;ServerSide.SendList;INFO;<init>;The list of available files for the user Michmich has been correctly sent;
Wed Jan 08 18:48:14 CET 2020;ServerSide.SendList;INFO;<init>;The list of available files for the user Michmich has been correctly sent;
Wed Jan 08 18:48:22 CET 2020;ServerSide.ThrowAFile;INFO;throwAFile;MichmichFile name to throw :MichmichDoc.txt;
Wed Jan 08 18:48:22 CET 2020;ServerSide.ThrowAFile;INFO;throwAFile;File has been sent to the client. // Name MichmichDoc.txt // Length 48 // Bytes sended 77 105 99 104 109 105 99 104 32 101 115 116 32 106 111 118 105 97 108 46 32 77 97 105 115 32 105 108 32 110 39 101 115 116 32 112 97 115 32 100 117 32 109 97 116 105 110 46 ;
Wed Jan 08 18:48:31 CET 2020;ServerSide.SendList;INFO;<init>;The list of available files for the user Michmich has been correctly sent;
Wed Jan 08 18:48:39 CET 2020;ServerSide.DeleteSharedFile;INFO;<init>;The file MichmichDoc.txt has been deleted by Michmich;
Wed Jan 08 18:48:42 CET 2020;ServerSide.SendList;INFO;<init>;The list of available files for the user Michmich has been correctly sent;
Wed Jan 08 18:48:48 CET 2020;ServerSide.AcceptClients;WARNING;executeAction;User Michmich has closed the connection.;
