Tue Jan 07 08:35:39 CET 2020;ServerSide.ServerSideMain;INFO;main;<--- Start listening to clients --->;
Tue Jan 07 08:35:40 CET 2020;ServerSide.AcceptClients;INFO;run;---> Client number 1 is connected. <---;
Tue Jan 07 08:35:43 CET 2020;ServerSide.AcceptClients;INFO;run;User connection accepted for : Aurelien;
Tue Jan 07 08:35:46 CET 2020;ServerSide.SendShareList;INFO;<init>;The list of available files in the Share for the user Aurelien has been correctly sent;
Tue Jan 07 08:36:05 CET 2020;ServerSide.DeleteSharedFile_ori;INFO;<init>;The file AurelienDoc.txt has been deleted by Aurelien;
Tue Jan 07 08:37:05 CET 2020;ServerSide.ServerSideMain;INFO;main;<--- Start listening to clients --->;
Tue Jan 07 08:37:06 CET 2020;ServerSide.AcceptClients;INFO;run;---> Client number 1 is connected. <---;
Tue Jan 07 08:37:11 CET 2020;ServerSide.AcceptClients;INFO;run;User connection accepted for : Aurelien;
Tue Jan 07 08:37:13 CET 2020;ServerSide.SendShareList;INFO;<init>;The list of available files in the Share for the user Aurelien has been correctly sent;
Tue Jan 07 08:37:16 CET 2020;ServerSide.DeleteSharedFile_ori;INFO;<init>;The file AurelienDoc.txt has been deleted by Aurelien;
Tue Jan 07 08:39:03 CET 2020;ServerSide.ServerSideMain;INFO;main;<--- Start listening to clients --->;
Tue Jan 07 08:39:04 CET 2020;ServerSide.AcceptClients;INFO;run;---> Client number 1 is connected. <---;
Tue Jan 07 08:39:07 CET 2020;ServerSide.AcceptClients;INFO;run;User connection accepted for : Aurelien;
Tue Jan 07 08:39:11 CET 2020;ServerSide.SendShareList;INFO;<init>;The list of available files in the Share for the user Aurelien has been correctly sent;
Tue Jan 07 08:39:15 CET 2020;ServerSide.DeleteSharedFile_ori;INFO;<init>;The file AurelienDoc.txt has been deleted by Aurelien;
Tue Jan 07 08:40:54 CET 2020;ServerSide.SendShareList;INFO;<init>;The list of available files in the Share for the user Aurelien has been correctly sent;
Tue Jan 07 08:40:58 CET 2020;ServerSide.DeleteSharedFile_ori;INFO;<init>;The file AurelienDoc.txt has been deleted by Aurelien;
Tue Jan 07 08:41:04 CET 2020;ServerSide.SendShareList;INFO;<init>;The list of available files in the Share for the user Aurelien has been correctly sent;
Tue Jan 07 08:41:07 CET 2020;ServerSide.DeleteSharedFile_ori;INFO;<init>;The file CommonFile.txt has been deleted by Aurelien;
Tue Jan 07 08:41:11 CET 2020;ServerSide.SendShareList;INFO;<init>;The list of available files in the Share for the user Aurelien has been correctly sent;
Tue Jan 07 09:05:25 CET 2020;ServerSide.ServerSideMain;INFO;main;<--- Start listening to clients --->;
Tue Jan 07 09:05:26 CET 2020;ServerSide.AcceptClients;INFO;run;---> Client number 1 is connected. <---;
Tue Jan 07 09:05:29 CET 2020;ServerSide.AcceptClients;INFO;run;User connection accepted for : Aurelien;
Tue Jan 07 09:05:31 CET 2020;ServerSide.SendShareList;INFO;<init>;The list of available files in the Share for the user Aurelien has been correctly sent;
Tue Jan 07 09:05:35 CET 2020;ServerSide.DeleteSharedFile_ori;INFO;<init>;The file AurelienDoc.txt has been deleted by Aurelien;
Tue Jan 07 09:06:11 CET 2020;ServerSide.ServerSideMain;INFO;main;<--- Start listening to clients --->;
Tue Jan 07 09:06:12 CET 2020;ServerSide.AcceptClients;INFO;run;---> Client number 1 is connected. <---;
Tue Jan 07 09:06:13 CET 2020;ServerSide.AcceptClients;SEVERE;run;Failed to receive menu choice from client : null or the connection to the client crashed.;
Tue Jan 07 09:06:18 CET 2020;ServerSide.ServerSideMain;INFO;main;<--- Start listening to clients --->;
Tue Jan 07 09:06:19 CET 2020;ServerSide.AcceptClients;INFO;run;---> Client number 1 is connected. <---;
Tue Jan 07 09:06:23 CET 2020;ServerSide.AcceptClients;INFO;run;User connection accepted for : Aurelien;
Tue Jan 07 09:06:24 CET 2020;ServerSide.SendShareList;INFO;<init>;The list of available files in the Share for the user Aurelien has been correctly sent;
Tue Jan 07 09:06:29 CET 2020;ServerSide.DeleteSharedFile_ori;INFO;<init>;The file AurelienDoc.txt has been deleted by Aurelien;
Tue Jan 07 09:06:52 CET 2020;ServerSide.AcceptClients;INFO;run;---> Client number 2 is connected. <---;
Tue Jan 07 09:06:53 CET 2020;ServerSide.AcceptClients;SEVERE;run;Failed to receive menu choice from client : null or the connection to the client crashed.;
Tue Jan 07 09:06:56 CET 2020;ServerSide.ServerSideMain;INFO;main;<--- Start listening to clients --->;
Tue Jan 07 09:06:57 CET 2020;ServerSide.AcceptClients;INFO;run;---> Client number 1 is connected. <---;
Tue Jan 07 09:07:00 CET 2020;ServerSide.AcceptClients;INFO;run;User connection accepted for : Aurelien;
Tue Jan 07 09:07:01 CET 2020;ServerSide.SendShareList;INFO;<init>;The list of available files in the Share for the user Aurelien has been correctly sent;
Tue Jan 07 09:07:04 CET 2020;ServerSide.DeleteSharedFile_ori;INFO;<init>;The file AurelienDoc.txt has been deleted by Aurelien;
Tue Jan 07 09:07:09 CET 2020;ServerSide.AcceptClients;WARNING;executeAction;User Aurelien has closed the connection.;
Tue Jan 07 09:08:06 CET 2020;ServerSide.ServerSideMain;INFO;main;<--- Start listening to clients --->;
Tue Jan 07 09:08:07 CET 2020;ServerSide.AcceptClients;INFO;run;---> Client number 1 is connected. <---;
Tue Jan 07 09:08:10 CET 2020;ServerSide.AcceptClients;INFO;run;User connection accepted for : Aurelien;
Tue Jan 07 09:08:11 CET 2020;ServerSide.SendShareList;INFO;<init>;The list of available files in the Share for the user Aurelien has been correctly sent;
Tue Jan 07 09:08:15 CET 2020;ServerSide.DeleteSharedFile_ori;INFO;<init>;The file AurelienDoc.txt has been deleted by Aurelien;
Tue Jan 07 09:08:21 CET 2020;ServerSide.AcceptClients;WARNING;executeAction;User Aurelien has closed the connection.;
Tue Jan 07 09:12:38 CET 2020;ServerSide.ServerSideMain;INFO;main;<--- Start listening to clients --->;
Tue Jan 07 09:12:39 CET 2020;ServerSide.AcceptClients;INFO;run;---> Client number 1 is connected. <---;
Tue Jan 07 09:12:42 CET 2020;ServerSide.AcceptClients;INFO;run;User connection accepted for : Aurelien;
Tue Jan 07 09:18:30 CET 2020;ServerSide.ServerSideMain;INFO;main;<--- Start listening to clients --->;
Tue Jan 07 09:18:34 CET 2020;ServerSide.AcceptClients;INFO;run;---> Client number 1 is connected. <---;
Tue Jan 07 09:18:42 CET 2020;ServerSide.AcceptClients;INFO;run;User connection accepted for : Aurelien;
Tue Jan 07 09:19:34 CET 2020;ServerSide.ReceivedAFile;SEVERE;<init>;Failed to receive file.;
Tue Jan 07 10:15:17 CET 2020;ServerSide.ServerSideMain;INFO;main;<--- Start listening to clients --->;
Tue Jan 07 10:15:18 CET 2020;ServerSide.AcceptClients;INFO;run;---> Client number 1 is connected. <---;
Tue Jan 07 10:15:24 CET 2020;ServerSide.AcceptClients;INFO;run;User connection accepted for : Aurelien;
Tue Jan 07 10:15:26 CET 2020;ServerSide.SendShareList;INFO;<init>;The list of available files in the Share for the user Aurelien has been correctly sent;
Tue Jan 07 10:15:29 CET 2020;ServerSide.DeleteSharedFile_ori;INFO;<init>;The file AurelienDoc.txt has been deleted by Aurelien;
Tue Jan 07 10:16:15 CET 2020;ServerSide.ServerSideMain;INFO;main;<--- Start listening to clients --->;
Tue Jan 07 10:16:15 CET 2020;ServerSide.AcceptClients;INFO;run;---> Client number 1 is connected. <---;
Tue Jan 07 10:16:18 CET 2020;ServerSide.AcceptClients;INFO;run;User connection accepted for : Aurelien;
Tue Jan 07 10:16:18 CET 2020;ServerSide.SendShareList;INFO;<init>;The list of available files in the Share for the user Aurelien has been correctly sent;
Tue Jan 07 10:16:22 CET 2020;ServerSide.DeleteSharedFile_ori;INFO;<init>;The file AurelienDoc.txt has been deleted by Aurelien;
Tue Jan 07 10:19:06 CET 2020;ServerSide.ServerSideMain;INFO;main;<--- Start listening to clients --->;
Tue Jan 07 10:19:07 CET 2020;ServerSide.AcceptClients;INFO;run;---> Client number 1 is connected. <---;
Tue Jan 07 10:19:11 CET 2020;ServerSide.AcceptClients;INFO;run;User connection accepted for : Aurelien;
Tue Jan 07 10:19:13 CET 2020;ServerSide.SendShareList;INFO;<init>;The list of available files in the Share for the user Aurelien has been correctly sent;
Tue Jan 07 10:19:18 CET 2020;ServerSide.DeleteSharedFile;INFO;<init>;The file AurelienDoc.txt has been deleted by Aurelien;
Tue Jan 07 10:20:42 CET 2020;ServerSide.ServerSideMain;INFO;main;<--- Start listening to clients --->;
Tue Jan 07 10:20:43 CET 2020;ServerSide.AcceptClients;INFO;run;---> Client number 1 is connected. <---;
Tue Jan 07 10:20:45 CET 2020;ServerSide.AcceptClients;INFO;run;User connection accepted for : Aurelien;
Tue Jan 07 10:20:46 CET 2020;ServerSide.SendShareList;INFO;<init>;The list of available files in the Share for the user Aurelien has been correctly sent;
Tue Jan 07 10:20:49 CET 2020;ServerSide.DeleteSharedFile;INFO;<init>;The file AurelienDoc.txt has been deleted by Aurelien;
Tue Jan 07 10:21:48 CET 2020;ServerSide.ServerSideMain;INFO;main;<--- Start listening to clients --->;
Tue Jan 07 10:21:48 CET 2020;ServerSide.AcceptClients;INFO;run;---> Client number 1 is connected. <---;
Tue Jan 07 10:21:51 CET 2020;ServerSide.AcceptClients;INFO;run;User connection accepted for : Aurelien;
Tue Jan 07 10:21:52 CET 2020;ServerSide.SendShareList;INFO;<init>;The list of available files in the Share for the user Aurelien has been correctly sent;
Tue Jan 07 10:21:55 CET 2020;ServerSide.DeleteSharedFile;INFO;<init>;The file AurelienDoc.txt has been deleted by Aurelien;
Tue Jan 07 10:25:14 CET 2020;ServerSide.ServerSideMain;INFO;main;<--- Start listening to clients --->;
Tue Jan 07 10:25:15 CET 2020;ServerSide.AcceptClients;INFO;run;---> Client number 1 is connected. <---;
Tue Jan 07 10:25:17 CET 2020;ServerSide.AcceptClients;INFO;run;User connection accepted for : Aurelien;
Tue Jan 07 10:25:21 CET 2020;ServerSide.SendShareList;INFO;<init>;The list of available files in the Share for the user Aurelien has been correctly sent;
Tue Jan 07 10:25:23 CET 2020;ServerSide.DeleteSharedFile;INFO;<init>;The file AurelienDoc.txt has been deleted by Aurelien;
Tue Jan 07 10:37:23 CET 2020;ServerSide.ServerSideMain;INFO;main;<--- Start listening to clients --->;
Tue Jan 07 10:37:33 CET 2020;ServerSide.AcceptClients;INFO;run;---> Client number 1 is connected. <---;
Tue Jan 07 10:37:39 CET 2020;ServerSide.AcceptClients;INFO;run;User connection accepted for : Aurelien;
Tue Jan 07 10:38:12 CET 2020;ServerSide.ReceivedAFile;SEVERE;<init>;Failed to receive file.;
Tue Jan 07 10:39:56 CET 2020;ServerSide.ServerSideMain;INFO;main;<--- Start listening to clients --->;
Tue Jan 07 10:39:57 CET 2020;ServerSide.AcceptClients;INFO;run;---> Client number 1 is connected. <---;
Tue Jan 07 10:39:59 CET 2020;ServerSide.AcceptClients;INFO;run;User connection accepted for : Aurelien;
Tue Jan 07 10:40:35 CET 2020;ServerSide.ReceivedAFile;SEVERE;<init>;Failed to receive file.;
Tue Jan 07 10:46:37 CET 2020;ServerSide.ServerSideMain;INFO;main;<--- Start listening to clients --->;
Tue Jan 07 10:46:40 CET 2020;ServerSide.AcceptClients;INFO;run;---> Client number 1 is connected. <---;
Tue Jan 07 10:46:43 CET 2020;ServerSide.AcceptClients;INFO;run;User connection accepted for : Aurelien;
Tue Jan 07 10:51:52 CET 2020;ServerSide.ReceivedAFile;SEVERE;<init>;Failed to receive file.;
Tue Jan 07 10:51:56 CET 2020;ServerSide.ServerSideMain;INFO;main;<--- Start listening to clients --->;
Tue Jan 07 10:51:59 CET 2020;ServerSide.AcceptClients;INFO;run;---> Client number 1 is connected. <---;
Tue Jan 07 10:52:01 CET 2020;ServerSide.AcceptClients;INFO;run;User connection accepted for : Aurelien;
Tue Jan 07 10:52:25 CET 2020;ServerSide.ReceivedAFile;SEVERE;<init>;Failed to receive file.;
Tue Jan 07 10:52:48 CET 2020;ServerSide.ServerSideMain;INFO;main;<--- Start listening to clients --->;
Tue Jan 07 10:52:50 CET 2020;ServerSide.AcceptClients;INFO;run;---> Client number 1 is connected. <---;
Tue Jan 07 10:52:52 CET 2020;ServerSide.AcceptClients;SEVERE;run;Failed to receive menu choice from client : null or the connection to the client crashed.;
Tue Jan 07 10:52:55 CET 2020;ServerSide.AcceptClients;INFO;run;---> Client number 2 is connected. <---;
Tue Jan 07 10:53:02 CET 2020;ServerSide.AcceptClients;INFO;run;User connection accepted for : Aurelien;
Tue Jan 07 10:53:44 CET 2020;ServerSide.ReceivedAFile;SEVERE;<init>;Failed to receive file.;
Tue Jan 07 10:53:49 CET 2020;ServerSide.ServerSideMain;INFO;main;<--- Start listening to clients --->;
Tue Jan 07 10:53:51 CET 2020;ServerSide.AcceptClients;INFO;run;---> Client number 1 is connected. <---;
Tue Jan 07 10:53:53 CET 2020;ServerSide.AcceptClients;INFO;run;User connection accepted for : Aurelien;
Tue Jan 07 10:54:26 CET 2020;ServerSide.ReceivedAFile;SEVERE;<init>;Failed to receive file.;
Tue Jan 07 10:54:31 CET 2020;ServerSide.ServerSideMain;INFO;main;<--- Start listening to clients --->;
Tue Jan 07 10:54:33 CET 2020;ServerSide.AcceptClients;INFO;run;---> Client number 1 is connected. <---;
Tue Jan 07 10:54:36 CET 2020;ServerSide.AcceptClients;INFO;run;User connection accepted for : Aurelien;
Tue Jan 07 10:56:47 CET 2020;ServerSide.ReceivedAFile;SEVERE;<init>;Failed to receive file.;
Tue Jan 07 10:56:51 CET 2020;ServerSide.ServerSideMain;INFO;main;<--- Start listening to clients --->;
Tue Jan 07 10:56:53 CET 2020;ServerSide.AcceptClients;INFO;run;---> Client number 1 is connected. <---;
Tue Jan 07 10:56:58 CET 2020;ServerSide.AcceptClients;INFO;run;User connection accepted for : Aurelien;
Tue Jan 07 10:58:36 CET 2020;ServerSide.ReceivedAFile;SEVERE;<init>;Failed to receive file.;
Tue Jan 07 10:58:40 CET 2020;ServerSide.ServerSideMain;INFO;main;<--- Start listening to clients --->;
Tue Jan 07 10:58:41 CET 2020;ServerSide.AcceptClients;INFO;run;---> Client number 1 is connected. <---;
Tue Jan 07 10:58:44 CET 2020;ServerSide.AcceptClients;INFO;run;User connection accepted for : Aurelien;
Tue Jan 07 10:59:56 CET 2020;ServerSide.ServerSideMain;INFO;main;<--- Start listening to clients --->;
Tue Jan 07 10:59:58 CET 2020;ServerSide.AcceptClients;INFO;run;---> Client number 1 is connected. <---;
Tue Jan 07 11:00:02 CET 2020;ServerSide.AcceptClients;INFO;run;User connection accepted for : Aurelien;
Tue Jan 07 11:00:39 CET 2020;ServerSide.ReceivedAFile;SEVERE;<init>;Failed to receive file.;
Tue Jan 07 11:00:45 CET 2020;ServerSide.ServerSideMain;INFO;main;<--- Start listening to clients --->;
Tue Jan 07 11:00:49 CET 2020;ServerSide.AcceptClients;INFO;run;---> Client number 1 is connected. <---;
Tue Jan 07 11:00:54 CET 2020;ServerSide.AcceptClients;INFO;run;User connection accepted for : Aurelien;
Tue Jan 07 11:01:40 CET 2020;ServerSide.ReceivedAFile;SEVERE;<init>;Failed to receive file.;
Tue Jan 07 11:01:48 CET 2020;ServerSide.ServerSideMain;INFO;main;<--- Start listening to clients --->;
Tue Jan 07 11:01:50 CET 2020;ServerSide.AcceptClients;INFO;run;---> Client number 1 is connected. <---;
Tue Jan 07 11:01:53 CET 2020;ServerSide.AcceptClients;INFO;run;User connection accepted for : Aurelien;
Tue Jan 07 11:02:05 CET 2020;ServerSide.ReceivedAFile;WARNING;<init>;No file has been chosen in the JFileChooser. Operation cancelled.;
Tue Jan 07 11:07:36 CET 2020;ServerSide.ServerSideMain;INFO;main;<--- Start listening to clients --->;
Tue Jan 07 11:07:40 CET 2020;ServerSide.AcceptClients;INFO;run;---> Client number 1 is connected. <---;
Tue Jan 07 11:07:44 CET 2020;ServerSide.AcceptClients;INFO;run;User connection accepted for : Aurelien;
Tue Jan 07 11:07:48 CET 2020;ServerSide.ReceivedAFile;WARNING;receivedAFile;No file has been chosen in the JFileChooser. Operation cancelled.;
Tue Jan 07 11:07:52 CET 2020;ServerSide.SendList;INFO;<init>;The list of available files for the user Aurelien has been correctly sent;
Tue Jan 07 11:16:41 CET 2020;ServerSide.ServerSideMain;INFO;main;<--- Start listening to clients --->;
Tue Jan 07 11:16:43 CET 2020;ServerSide.AcceptClients;INFO;run;---> Client number 1 is connected. <---;
Tue Jan 07 11:16:48 CET 2020;ServerSide.AcceptClients;INFO;run;User connection accepted for : Aurelien;
Tue Jan 07 11:16:59 CET 2020;ServerSide.ReceivedAFile;WARNING;receivedAFile;No file has been chosen in the JFileChooser. Operation cancelled.;
Tue Jan 07 11:21:52 CET 2020;ServerSide.ServerSideMain;INFO;main;<--- Start listening to clients --->;
Tue Jan 07 11:21:56 CET 2020;ServerSide.AcceptClients;INFO;run;---> Client number 1 is connected. <---;
Tue Jan 07 11:22:00 CET 2020;ServerSide.AcceptClients;INFO;run;User connection accepted for : Aurelien;
Tue Jan 07 11:22:03 CET 2020;ServerSide.SendList;INFO;<init>;The list of available files for the user Aurelien has been correctly sent;
Tue Jan 07 11:22:54 CET 2020;ServerSide.ServerSideMain;INFO;main;<--- Start listening to clients --->;
Tue Jan 07 11:22:56 CET 2020;ServerSide.AcceptClients;INFO;run;---> Client number 1 is connected. <---;
Tue Jan 07 11:23:01 CET 2020;ServerSide.AcceptClients;INFO;run;User connection accepted for : Aurelien;
Tue Jan 07 11:23:04 CET 2020;ServerSide.SendList;INFO;<init>;The list of available files for the user Aurelien has been correctly sent;
Tue Jan 07 11:23:32 CET 2020;ServerSide.AcceptClients;WARNING;executeAction;User Aurelien has closed the connection.;
Tue Jan 07 11:28:18 CET 2020;ServerSide.ServerSideMain;INFO;main;<--- Start listening to clients --->;
Tue Jan 07 11:28:19 CET 2020;ServerSide.AcceptClients;INFO;run;---> Client number 1 is connected. <---;
Tue Jan 07 11:28:23 CET 2020;ServerSide.AcceptClients;INFO;run;User connection accepted for : Aurelien;
Tue Jan 07 11:28:28 CET 2020;ServerSide.SendList;INFO;<init>;The list of available files for the user Aurelien has been correctly sent;
Tue Jan 07 11:28:40 CET 2020;ServerSide.ThrowAFile;INFO;<init>;File name sended AurelienDoc.txt // Length 34 // Bytes sended 34;
Tue Jan 07 11:29:36 CET 2020;ServerSide.ServerSideMain;INFO;main;<--- Start listening to clients --->;
Tue Jan 07 11:29:37 CET 2020;ServerSide.AcceptClients;INFO;run;---> Client number 1 is connected. <---;
Tue Jan 07 11:29:40 CET 2020;ServerSide.AcceptClients;INFO;run;User connection accepted for : Aurelien;
Tue Jan 07 11:29:43 CET 2020;ServerSide.SendList;INFO;<init>;The list of available files for the user Aurelien has been correctly sent;
Tue Jan 07 11:29:52 CET 2020;ServerSide.ThrowAFile;INFO;<init>;File name sended AurelienDoc.txt // Length 34 // Bytes sended null84 104 105 115 32 97 32 100 111 99 117 109 101 110 116 32 102 111 114 32 65 117 114 101 108 105 101 110 32 111 110 108 121 46 ;
Tue Jan 07 17:12:30 CET 2020;ServerSide.ServerSideMain;INFO;main;<--- Start listening to clients --->;
Tue Jan 07 17:12:41 CET 2020;ServerSide.AcceptClients;INFO;run;---> Client number 1 is connected. <---;
Tue Jan 07 17:12:53 CET 2020;ServerSide.AcceptClients;INFO;run;User connection accepted for : Aurelien;
Tue Jan 07 17:12:55 CET 2020;ServerSide.AcceptClients;WARNING;executeAction;User Aurelien has closed the connection.;
Tue Jan 07 17:12:57 CET 2020;ServerSide.AcceptClients;INFO;run;---> Client number 2 is connected. <---;
Tue Jan 07 17:13:07 CET 2020;ServerSide.AcceptClients;INFO;run;New user added in DB : Michmich;
Tue Jan 07 17:13:07 CET 2020;ServerSide.AcceptClients;INFO;run;New folder created for the new user : Michmich;
Tue Jan 07 17:13:51 CET 2020;ServerSide.ReceivedAFile;SEVERE;append;Method append - Failed to list file;
Tue Jan 07 17:13:51 CET 2020;ServerSide.ReceivedAFile;SEVERE;receivedAFile;Failed to receive file.;
Tue Jan 07 17:13:53 CET 2020;ServerSide.AcceptClients;SEVERE;run;Failed to receive menu choice from client : null or the connection to the client crashed.;
Tue Jan 07 17:15:02 CET 2020;ServerSide.ServerSideMain;INFO;main;<--- Start listening to clients --->;
Tue Jan 07 17:15:03 CET 2020;ServerSide.AcceptClients;INFO;run;---> Client number 1 is connected. <---;
Tue Jan 07 17:15:08 CET 2020;ServerSide.AcceptClients;INFO;run;User connection accepted for : Aurelien;
Tue Jan 07 17:19:20 CET 2020;ServerSide.AcceptClients;WARNING;executeAction;User Aurelien has closed the connection.;
Tue Jan 07 17:19:36 CET 2020;ServerSide.ServerSideMain;INFO;main;<--- Start listening to clients --->;
Tue Jan 07 17:19:39 CET 2020;ServerSide.AcceptClients;INFO;run;---> Client number 1 is connected. <---;
Tue Jan 07 17:19:45 CET 2020;ServerSide.AcceptClients;INFO;run;New user added in DB : Michmich2;
Tue Jan 07 17:19:45 CET 2020;ServerSide.AcceptClients;INFO;run;New folder created for the new user : Michmich2;
Tue Jan 07 17:19:58 CET 2020;ServerSide.ReceivedAFile;SEVERE;append;Method append - Failed to list file;
Tue Jan 07 17:19:58 CET 2020;ServerSide.ReceivedAFile;SEVERE;receivedAFile;Failed to receive file.;
Tue Jan 07 17:20:00 CET 2020;ServerSide.AcceptClients;SEVERE;run;Failed to receive menu choice from client : null or the connection to the client crashed.;
Tue Jan 07 17:25:03 CET 2020;ServerSide.ServerSideMain;INFO;main;<--- Start listening to clients --->;
Tue Jan 07 17:25:04 CET 2020;ServerSide.AcceptClients;INFO;run;---> Client number 1 is connected. <---;
Tue Jan 07 17:25:13 CET 2020;ServerSide.AcceptClients;INFO;run;User connection accepted for : Michmich;
Tue Jan 07 17:26:53 CET 2020;ServerSide.ServerSideMain;INFO;main;<--- Start listening to clients --->;
Tue Jan 07 17:26:54 CET 2020;ServerSide.AcceptClients;INFO;run;---> Client number 1 is connected. <---;
Tue Jan 07 17:26:59 CET 2020;ServerSide.AcceptClients;INFO;run;New user added in DB : Michmich3;
Tue Jan 07 17:26:59 CET 2020;ServerSide.AcceptClients;INFO;run;New folder created for the new user : Michmich3;
Tue Jan 07 17:27:09 CET 2020;ServerSide.ReceivedAFile;SEVERE;append;Method append - Failed to list file;
Tue Jan 07 17:27:09 CET 2020;ServerSide.ReceivedAFile;SEVERE;receivedAFile;Failed to receive file.;
Tue Jan 07 17:27:11 CET 2020;ServerSide.AcceptClients;SEVERE;run;Failed to receive menu choice from client : null or the connection to the client crashed.;
Tue Jan 07 17:31:28 CET 2020;ServerSide.ServerSideMain;INFO;main;<--- Start listening to clients --->;
Tue Jan 07 17:31:30 CET 2020;ServerSide.AcceptClients;INFO;run;---> Client number 1 is connected. <---;
Tue Jan 07 17:31:37 CET 2020;ServerSide.AcceptClients;WARNING;run;Failed to connect with the username : swegkj;
Tue Jan 07 17:31:43 CET 2020;ServerSide.AcceptClients;INFO;run;---> Client number 2 is connected. <---;
Tue Jan 07 17:31:48 CET 2020;ServerSide.AcceptClients;INFO;run;New user added in DB : Michmich4;
Tue Jan 07 17:31:48 CET 2020;ServerSide.AcceptClients;INFO;run;New folder created for the new user : Michmich4;
Tue Jan 07 17:34:45 CET 2020;ServerSide.ServerSideMain;INFO;main;<--- Start listening to clients --->;
Tue Jan 07 17:34:46 CET 2020;ServerSide.AcceptClients;INFO;run;---> Client number 1 is connected. <---;
Tue Jan 07 17:34:51 CET 2020;ServerSide.AcceptClients;SEVERE;run;Failed to receive menu choice from client : wefjk or the connection to the client crashed.;
Tue Jan 07 17:34:56 CET 2020;ServerSide.ServerSideMain;INFO;main;<--- Start listening to clients --->;
Tue Jan 07 17:34:57 CET 2020;ServerSide.AcceptClients;INFO;run;---> Client number 1 is connected. <---;
Tue Jan 07 17:35:04 CET 2020;ServerSide.AcceptClients;INFO;run;New user added in DB : Michmich5;
Tue Jan 07 17:35:04 CET 2020;ServerSide.AcceptClients;INFO;run;New folder created for the new user : Michmich5;
Tue Jan 07 17:35:55 CET 2020;ServerSide.SendList;INFO;<init>;The list of available files for the user Michmich5 has been correctly sent;
Tue Jan 07 20:17:55 CET 2020;ServerSide.ServerSideMain;INFO;main;<--- Start listening to clients --->;
Tue Jan 07 20:17:56 CET 2020;ServerSide.AcceptClients;INFO;run;---> Client number 1 is connected. <---;
Tue Jan 07 20:18:01 CET 2020;ServerSide.AcceptClients;INFO;run;User connection accepted for : Aurelien;
Tue Jan 07 20:18:02 CET 2020;ServerSide.SendList;INFO;<init>;The list of available files for the user Aurelien has been correctly sent;
Tue Jan 07 20:18:08 CET 2020;ServerSide.SendList;INFO;<init>;The list of available files for the user Aurelien has been correctly sent;
Tue Jan 07 20:18:24 CET 2020;ServerSide.DeleteSharedFile;SEVERE;<init>;Fatal error when trying to delete file : nullfrom user :Aurelien;
Tue Jan 07 20:28:38 CET 2020;ServerSide.ServerSideMain;INFO;main;<--- Start listening to clients --->;
Tue Jan 07 20:28:40 CET 2020;ServerSide.AcceptClients;INFO;run;---> Client number 1 is connected. <---;
Tue Jan 07 20:28:46 CET 2020;ServerSide.AcceptClients;INFO;run;User connection accepted for : Aurelien;
Tue Jan 07 20:29:32 CET 2020;ServerSide.SendList;INFO;<init>;The list of available files for the user Aurelien has been correctly sent;
Tue Jan 07 20:29:39 CET 2020;ServerSide.SendList;INFO;<init>;The list of available files for the user Aurelien has been correctly sent;
Tue Jan 07 20:29:43 CET 2020;ServerSide.ThrowAFile;SEVERE;<init>;Fatal error when trying to send a file to the client.;
Tue Jan 07 20:30:55 CET 2020;ServerSide.SendList;INFO;<init>;The list of available files for the user Aurelien has been correctly sent;
Tue Jan 07 20:30:59 CET 2020;ServerSide.ThrowAFile;INFO;<init>;File has been sent to the client. // Name PremierePage.html // Length 183 // Bytes sended 60 33 68 79 67 84 89 80 69 32 104 116 109 108 62 13 10 60 104 116 109 108 62 13 10 9 60 104 101 97 100 62 13 10 9 9 60 109 101 116 97 32 99 104 97 114 115 101 116 61 34 85 84 70 45 56 34 32 47 62 13 10 9 9 60 116 105 116 108 101 62 84 105 116 114 101 32 100 101 32 108 97 32 112 97 103 101 60 47 116 105 116 108 101 62 13 10 9 60 47 104 101 97 100 62 13 10 9 60 98 111 100 121 62 13 10 9 9 101 101 101 101 32 60 47 98 114 62 13 10 9 9 116 101 115 116 13 10 9 9 13 10 9 9 60 33 45 45 32 67 111 109 109 101 110 116 97 105 114 101 32 45 45 62 13 10 9 60 47 98 111 100 121 62 13 10 60 47 104 116 109 108 62 ;
Tue Jan 07 20:31:11 CET 2020;ServerSide.SendList;INFO;<init>;The list of available files for the user Aurelien has been correctly sent;
Tue Jan 07 20:31:16 CET 2020;ServerSide.DeleteFile;INFO;<init>;The file PremierePage.html has been deleted by Aurelien;
Tue Jan 07 20:31:49 CET 2020;ServerSide.SendList;INFO;<init>;The list of available files for the user Aurelien has been correctly sent;
Tue Jan 07 20:34:09 CET 2020;ServerSide.CopyAFileInShared;SEVERE;<init>;Failed to receive file.;
Tue Jan 07 20:35:10 CET 2020;ServerSide.ServerSideMain;INFO;main;<--- Start listening to clients --->;
Tue Jan 07 20:35:11 CET 2020;ServerSide.AcceptClients;INFO;run;---> Client number 1 is connected. <---;
Tue Jan 07 20:35:14 CET 2020;ServerSide.AcceptClients;INFO;run;User connection accepted for : Aurelien;
Tue Jan 07 20:35:21 CET 2020;ServerSide.SendList;INFO;<init>;The list of available files for the user Aurelien has been correctly sent;
Tue Jan 07 20:36:37 CET 2020;ServerSide.SendList;INFO;<init>;The list of available files for the user Aurelien has been correctly sent;
Tue Jan 07 20:36:54 CET 2020;ServerSide.DeleteSharedFile;INFO;<init>;The file PremierePage.html has been deleted by Aurelien;
Tue Jan 07 20:37:09 CET 2020;ServerSide.SendList;INFO;<init>;The list of available files for the user Aurelien has been correctly sent;
Tue Jan 07 20:37:13 CET 2020;ServerSide.DeleteFile;INFO;<init>;The file PremirePage.html has been deleted by Aurelien;
Tue Jan 07 20:37:46 CET 2020;ServerSide.SendList;INFO;<init>;The list of available files for the user Aurelien has been correctly sent;
Tue Jan 07 20:37:52 CET 2020;ServerSide.DeleteFile;INFO;<init>;The file PremierePage.html has been deleted by Aurelien;
Tue Jan 07 20:48:55 CET 2020;ServerSide.ServerSideMain;INFO;main;<--- Start listening to clients --->;
Tue Jan 07 20:48:57 CET 2020;ServerSide.AcceptClients;INFO;run;---> Client number 1 is connected. <---;
Tue Jan 07 20:49:03 CET 2020;ServerSide.AcceptClients;INFO;run;User connection accepted for : Aurelien;
Tue Jan 07 20:49:05 CET 2020;ServerSide.SendList;INFO;<init>;The list of available files for the user Aurelien has been correctly sent;
Tue Jan 07 20:49:10 CET 2020;ServerSide.DeleteFile;INFO;<init>;The file Page1.html has been deleted by Aurelien;
Tue Jan 07 20:49:20 CET 2020;ServerSide.SendList;INFO;<init>;The list of available files for the user Aurelien has been correctly sent;
Tue Jan 07 20:54:59 CET 2020;ServerSide.ServerSideMain;INFO;main;<--- Start listening to clients --->;
Tue Jan 07 20:55:00 CET 2020;ServerSide.AcceptClients;INFO;run;---> Client number 1 is connected. <---;
Tue Jan 07 20:55:08 CET 2020;ServerSide.AcceptClients;WARNING;run;Failed to connect with the username : Aurélien;
Tue Jan 07 20:55:16 CET 2020;ServerSide.ServerSideMain;INFO;main;<--- Start listening to clients --->;
Tue Jan 07 20:55:18 CET 2020;ServerSide.AcceptClients;INFO;run;---> Client number 1 is connected. <---;
Tue Jan 07 20:55:22 CET 2020;ServerSide.AcceptClients;INFO;run;User connection accepted for : Aurelien;
Tue Jan 07 20:55:24 CET 2020;ServerSide.SendList;INFO;<init>;The list of available files for the user Aurelien has been correctly sent;
Tue Jan 07 20:55:28 CET 2020;ServerSide.SendList;INFO;<init>;The list of available files for the user Aurelien has been correctly sent;
Tue Jan 07 21:02:08 CET 2020;ServerSide.ServerSideMain;INFO;main;<--- Start listening to clients --->;
Tue Jan 07 21:02:09 CET 2020;ServerSide.AcceptClients;INFO;run;---> Client number 1 is connected. <---;
Tue Jan 07 21:02:13 CET 2020;ServerSide.AcceptClients;INFO;run;User connection accepted for : Aurelien;
Tue Jan 07 21:02:22 CET 2020;ServerSide.AcceptClients;SEVERE;run;Failed to receive menu choice from client : Aurelien or the connection to the client crashed.;
Tue Jan 07 21:04:42 CET 2020;ServerSide.ServerSideMain;INFO;main;<--- Start listening to clients --->;
Tue Jan 07 21:04:43 CET 2020;ServerSide.AcceptClients;INFO;run;---> Client number 1 is connected. <---;
Tue Jan 07 21:04:46 CET 2020;ServerSide.AcceptClients;INFO;run;User connection accepted for : Aurelien;
Tue Jan 07 21:05:41 CET 2020;ServerSide.AcceptClients;SEVERE;run;Failed to receive menu choice from client : Aurelien or the connection to the client crashed.;
Tue Jan 07 21:05:44 CET 2020;ServerSide.ServerSideMain;INFO;main;<--- Start listening to clients --->;
Tue Jan 07 21:05:45 CET 2020;ServerSide.AcceptClients;INFO;run;---> Client number 1 is connected. <---;
Tue Jan 07 21:05:49 CET 2020;ServerSide.AcceptClients;INFO;run;User connection accepted for : Aurelien;
Tue Jan 07 21:06:06 CET 2020;ServerSide.AcceptClients;SEVERE;run;Failed to receive menu choice from client : Aurelien or the connection to the client crashed.;
Tue Jan 07 21:06:10 CET 2020;ServerSide.ServerSideMain;INFO;main;<--- Start listening to clients --->;
Tue Jan 07 21:06:16 CET 2020;ServerSide.ServerSideMain;INFO;main;<--- Start listening to clients --->;
Tue Jan 07 21:06:23 CET 2020;ServerSide.ServerSideMain;INFO;main;<--- Start listening to clients --->;
Tue Jan 07 21:06:27 CET 2020;ServerSide.AcceptClients;INFO;run;---> Client number 1 is connected. <---;
Tue Jan 07 21:06:31 CET 2020;ServerSide.AcceptClients;INFO;run;User connection accepted for : Aurelien;
Tue Jan 07 21:08:01 CET 2020;ServerSide.AcceptClients;SEVERE;run;Failed to receive menu choice from client : Aurelien or the connection to the client crashed.;
Tue Jan 07 21:08:06 CET 2020;ServerSide.ServerSideMain;INFO;main;<--- Start listening to clients --->;
Tue Jan 07 21:08:07 CET 2020;ServerSide.AcceptClients;INFO;run;---> Client number 1 is connected. <---;
Tue Jan 07 21:08:11 CET 2020;ServerSide.AcceptClients;INFO;run;User connection accepted for : Aurelien;
Tue Jan 07 21:10:31 CET 2020;ServerSide.SendList;INFO;<init>;The list of available files for the user Aurelien has been correctly sent;
Tue Jan 07 21:11:18 CET 2020;ServerSide.ServerSideMain;INFO;main;<--- Start listening to clients --->;
Tue Jan 07 21:11:19 CET 2020;ServerSide.AcceptClients;INFO;run;---> Client number 1 is connected. <---;
Tue Jan 07 21:11:23 CET 2020;ServerSide.AcceptClients;INFO;run;User connection accepted for : Aurelien;
Tue Jan 07 21:11:26 CET 2020;ServerSide.SendList;INFO;<init>;The list of available files for the user Aurelien has been correctly sent;
Tue Jan 07 21:13:24 CET 2020;ServerSide.ServerSideMain;INFO;main;<--- Start listening to clients --->;
Tue Jan 07 21:13:25 CET 2020;ServerSide.AcceptClients;INFO;run;---> Client number 1 is connected. <---;
Tue Jan 07 21:13:32 CET 2020;ServerSide.AcceptClients;INFO;run;User connection accepted for : Aurelien;
Tue Jan 07 21:13:37 CET 2020;ServerSide.SendList;INFO;<init>;The list of available files for the user Aurelien has been correctly sent;
Tue Jan 07 21:15:36 CET 2020;ServerSide.ServerSideMain;INFO;main;<--- Start listening to clients --->;
Tue Jan 07 21:15:37 CET 2020;ServerSide.AcceptClients;INFO;run;---> Client number 1 is connected. <---;
Tue Jan 07 21:15:45 CET 2020;ServerSide.AcceptClients;INFO;run;New user added in DB : Coco;
Tue Jan 07 21:15:45 CET 2020;ServerSide.AcceptClients;INFO;run;New folder created for the new user : Coco;
Tue Jan 07 21:18:24 CET 2020;ServerSide.AcceptClients;SEVERE;run;Failed to receive menu choice from client : Coco or the connection to the client crashed.;
