Mon Jan 06 12:37:52 CET 2020;ServerSide.ServerSideMain;INFO;main;<--- Start listening to clients --->;
Mon Jan 06 12:38:28 CET 2020;ServerSide.ServerSideMain;INFO;main;<--- Start listening to clients --->;
Mon Jan 06 12:38:29 CET 2020;ServerSide.AcceptClients;INFO;run;---> Client number 1 is connected. <---;
Mon Jan 06 12:38:33 CET 2020;ServerSide.AcceptClients;INFO;run;User connection accepted for : Aurelien;
Mon Jan 06 12:38:52 CET 2020;ServerSide.ReceivedAFile;SEVERE;<init>;Failed to receive file.;
Mon Jan 06 12:40:38 CET 2020;ServerSide.ServerSideMain;INFO;main;<--- Start listening to clients --->;
Mon Jan 06 12:40:39 CET 2020;ServerSide.AcceptClients;INFO;run;---> Client number 1 is connected. <---;
Mon Jan 06 12:40:42 CET 2020;ServerSide.AcceptClients;INFO;run;User connection accepted for : Aurelien;
Mon Jan 06 15:03:37 CET 2020;ServerSide.ServerSideMain;INFO;main;<--- Start listening to clients --->;
Mon Jan 06 15:03:39 CET 2020;ServerSide.AcceptClients;INFO;run;---> Client number 1 is connected. <---;
Mon Jan 06 15:03:45 CET 2020;ServerSide.AcceptClients;WARNING;run;Failed to connect with the username : xxx;
Mon Jan 06 15:05:48 CET 2020;ServerSide.ServerSideMain;INFO;main;<--- Start listening to clients --->;
Mon Jan 06 15:05:49 CET 2020;ServerSide.AcceptClients;INFO;run;---> Client number 1 is connected. <---;
Mon Jan 06 15:05:52 CET 2020;ServerSide.AcceptClients;WARNING;run;Failed to connect with the username : jfe;
Mon Jan 06 15:07:16 CET 2020;ServerSide.ServerSideMain;INFO;main;<--- Start listening to clients --->;
Mon Jan 06 15:07:17 CET 2020;ServerSide.AcceptClients;INFO;run;---> Client number 1 is connected. <---;
Mon Jan 06 15:07:20 CET 2020;ServerSide.AcceptClients;WARNING;run;Failed to connect with the username : dsj;
Mon Jan 06 15:08:05 CET 2020;ServerSide.ServerSideMain;INFO;main;<--- Start listening to clients --->;
Mon Jan 06 15:08:13 CET 2020;ServerSide.ServerSideMain;INFO;main;<--- Start listening to clients --->;
Mon Jan 06 15:08:13 CET 2020;ServerSide.AcceptClients;INFO;run;---> Client number 1 is connected. <---;
Mon Jan 06 15:08:17 CET 2020;ServerSide.AcceptClients;INFO;run;User connection accepted for : Aurelien;
Mon Jan 06 15:08:20 CET 2020;ServerSide.AcceptClients;SEVERE;run;Failed to receive menu choice from client : Aurelien or the connection to the client crashed.;
Mon Jan 06 15:31:27 CET 2020;ServerSide.ServerSideMain;INFO;main;<--- Start listening to clients --->;
Mon Jan 06 15:31:29 CET 2020;ServerSide.AcceptClients;INFO;run;---> Client number 1 is connected. <---;
Mon Jan 06 15:31:32 CET 2020;ServerSide.AcceptClients;INFO;run;User connection accepted for : Aurelien;
Mon Jan 06 15:32:03 CET 2020;ServerSide.AcceptClients;SEVERE;run;Failed to receive menu choice from client : Aurelien or the connection to the client crashed.;
Mon Jan 06 15:36:49 CET 2020;ServerSide.ServerSideMain;INFO;main;<--- Start listening to clients --->;
Mon Jan 06 15:36:50 CET 2020;ServerSide.AcceptClients;INFO;run;---> Client number 1 is connected. <---;
Mon Jan 06 15:36:57 CET 2020;ServerSide.AcceptClients;INFO;run;User connection accepted for : Aurelien;
Mon Jan 06 15:37:02 CET 2020;ServerSide.SendShareList;INFO;<init>;The list of available files in the Share for the user Aurelien has been correctly sent;
Mon Jan 06 15:39:14 CET 2020;ServerSide.ServerSideMain;INFO;main;<--- Start listening to clients --->;
Mon Jan 06 15:39:15 CET 2020;ServerSide.AcceptClients;INFO;run;---> Client number 1 is connected. <---;
Mon Jan 06 15:39:20 CET 2020;ServerSide.AcceptClients;INFO;run;User connection accepted for : Aurelien;
Mon Jan 06 15:39:25 CET 2020;ServerSide.SendShareList;INFO;<init>;The list of available files in the Share for the user Aurelien has been correctly sent;
Mon Jan 06 15:39:31 CET 2020;ServerSide.CopyAFileInShared;SEVERE;<init>;Failed to receive file.;
Mon Jan 06 15:40:02 CET 2020;ServerSide.ServerSideMain;INFO;main;<--- Start listening to clients --->;
Mon Jan 06 15:40:04 CET 2020;ServerSide.AcceptClients;INFO;run;---> Client number 1 is connected. <---;
Mon Jan 06 15:40:09 CET 2020;ServerSide.AcceptClients;INFO;run;User connection accepted for : Aurelien;
Mon Jan 06 15:40:13 CET 2020;ServerSide.SendList;INFO;<init>;The list of available files for the user Aurelien has been correctly sent;
Mon Jan 06 15:42:42 CET 2020;ServerSide.ServerSideMain;INFO;main;<--- Start listening to clients --->;
Mon Jan 06 15:42:43 CET 2020;ServerSide.AcceptClients;INFO;run;---> Client number 1 is connected. <---;
Mon Jan 06 15:42:46 CET 2020;ServerSide.AcceptClients;INFO;run;User connection accepted for : Aurelien;
Mon Jan 06 15:42:48 CET 2020;ServerSide.SendList;INFO;<init>;The list of available files for the user Aurelien has been correctly sent;
Mon Jan 06 15:43:51 CET 2020;ServerSide.ServerSideMain;INFO;main;<--- Start listening to clients --->;
Mon Jan 06 15:43:53 CET 2020;ServerSide.AcceptClients;INFO;run;---> Client number 1 is connected. <---;
Mon Jan 06 15:43:57 CET 2020;ServerSide.AcceptClients;INFO;run;User connection accepted for : Aurelien;
Mon Jan 06 15:44:02 CET 2020;ServerSide.SendList;INFO;<init>;The list of available files for the user Aurelien has been correctly sent;
Mon Jan 06 15:45:36 CET 2020;ServerSide.ServerSideMain;INFO;main;<--- Start listening to clients --->;
Mon Jan 06 15:45:38 CET 2020;ServerSide.AcceptClients;INFO;run;---> Client number 1 is connected. <---;
Mon Jan 06 15:45:42 CET 2020;ServerSide.AcceptClients;INFO;run;User connection accepted for : Aurelien;
Mon Jan 06 15:45:44 CET 2020;ServerSide.SendList;INFO;<init>;The list of available files for the user Aurelien has been correctly sent;
Mon Jan 06 15:57:05 CET 2020;ServerSide.ServerSideMain;INFO;main;<--- Start listening to clients --->;
Mon Jan 06 15:57:06 CET 2020;ServerSide.AcceptClients;INFO;run;---> Client number 1 is connected. <---;
Mon Jan 06 15:57:11 CET 2020;ServerSide.AcceptClients;INFO;run;User connection accepted for : Aurelien;
Mon Jan 06 15:57:14 CET 2020;ServerSide.SendShareList;INFO;<init>;The list of available files in the Share for the user Aurelien has been correctly sent;
Mon Jan 06 16:02:12 CET 2020;ServerSide.ServerSideMain;INFO;main;<--- Start listening to clients --->;
Mon Jan 06 16:02:13 CET 2020;ServerSide.AcceptClients;INFO;run;---> Client number 1 is connected. <---;
Mon Jan 06 16:02:19 CET 2020;ServerSide.AcceptClients;INFO;run;User connection accepted for : Aurelien;
Mon Jan 06 16:02:22 CET 2020;ServerSide.SendShareList;INFO;<init>;The list of available files in the Share for the user Aurelien has been correctly sent;
Mon Jan 06 16:04:21 CET 2020;ServerSide.ServerSideMain;INFO;main;<--- Start listening to clients --->;
Mon Jan 06 16:04:22 CET 2020;ServerSide.AcceptClients;INFO;run;---> Client number 1 is connected. <---;
Mon Jan 06 16:04:27 CET 2020;ServerSide.AcceptClients;INFO;run;User connection accepted for : Aurelien;
Mon Jan 06 16:04:29 CET 2020;ServerSide.SendShareList;INFO;<init>;The list of available files in the Share for the user Aurelien has been correctly sent;
Mon Jan 06 16:06:12 CET 2020;ServerSide.ServerSideMain;INFO;main;<--- Start listening to clients --->;
Mon Jan 06 16:06:15 CET 2020;ServerSide.AcceptClients;INFO;run;---> Client number 1 is connected. <---;
Mon Jan 06 16:06:19 CET 2020;ServerSide.AcceptClients;INFO;run;User connection accepted for : Aurelien;
Mon Jan 06 16:06:21 CET 2020;ServerSide.SendShareList;INFO;<init>;The list of available files in the Share for the user Aurelien has been correctly sent;
Mon Jan 06 16:08:11 CET 2020;ServerSide.ServerSideMain;INFO;main;<--- Start listening to clients --->;
Mon Jan 06 16:08:13 CET 2020;ServerSide.AcceptClients;INFO;run;---> Client number 1 is connected. <---;
Mon Jan 06 16:08:22 CET 2020;ServerSide.AcceptClients;WARNING;run;Failed to connect with the username : Aurelein;
Mon Jan 06 16:08:25 CET 2020;ServerSide.AcceptClients;INFO;run;---> Client number 2 is connected. <---;
Mon Jan 06 16:08:27 CET 2020;ServerSide.AcceptClients;SEVERE;run;Failed to receive menu choice from client : null or the connection to the client crashed.;
Mon Jan 06 16:08:38 CET 2020;ServerSide.AcceptClients;INFO;run;---> Client number 3 is connected. <---;
Mon Jan 06 16:08:42 CET 2020;ServerSide.AcceptClients;INFO;run;User connection accepted for : Aurelien;
Mon Jan 06 16:09:03 CET 2020;ServerSide.SendList;INFO;<init>;The list of available files for the user Aurelien has been correctly sent;
Mon Jan 06 16:09:17 CET 2020;ServerSide.DeleteFile;INFO;<init>;The file itWorksOnMyMachine.PNG has been deleted by Aurelien;
Mon Jan 06 16:10:45 CET 2020;ServerSide.ServerSideMain;INFO;main;<--- Start listening to clients --->;
Mon Jan 06 16:10:46 CET 2020;ServerSide.AcceptClients;INFO;run;---> Client number 1 is connected. <---;
Mon Jan 06 16:10:54 CET 2020;ServerSide.AcceptClients;INFO;run;User connection accepted for : Aurelien;
Mon Jan 06 16:10:56 CET 2020;ServerSide.SendShareList;INFO;<init>;The list of available files in the Share for the user Aurelien has been correctly sent;
Mon Jan 06 16:11:00 CET 2020;ServerSide.DeleteSharedFile;INFO;<init>;The file AurelienDoc.txt has been deleted by Aurelien;
Mon Jan 06 16:12:12 CET 2020;ServerSide.ServerSideMain;INFO;main;<--- Start listening to clients --->;
Mon Jan 06 16:12:13 CET 2020;ServerSide.AcceptClients;INFO;run;---> Client number 1 is connected. <---;
Mon Jan 06 16:12:15 CET 2020;ServerSide.AcceptClients;INFO;run;User connection accepted for : Aurelien;
Mon Jan 06 16:12:18 CET 2020;ServerSide.SendShareList;INFO;<init>;The list of available files in the Share for the user Aurelien has been correctly sent;
Mon Jan 06 16:12:21 CET 2020;ServerSide.DeleteSharedFile;INFO;<init>;The file AurelienDoc.txt has been deleted by Aurelien;
Mon Jan 06 16:19:40 CET 2020;ServerSide.ServerSideMain;INFO;main;<--- Start listening to clients --->;
Mon Jan 06 16:19:41 CET 2020;ServerSide.AcceptClients;INFO;run;---> Client number 1 is connected. <---;
Mon Jan 06 16:19:45 CET 2020;ServerSide.AcceptClients;INFO;run;User connection accepted for : Aurelien;
Mon Jan 06 16:19:47 CET 2020;ServerSide.SendShareList;INFO;<init>;The list of available files in the Share for the user Aurelien has been correctly sent;
Mon Jan 06 16:19:51 CET 2020;ServerSide.DeleteSharedFile;INFO;<init>;The file AurelienDoc.txt has been deleted by Aurelien;
Mon Jan 06 16:20:15 CET 2020;ServerSide.ServerSideMain;INFO;main;<--- Start listening to clients --->;
Mon Jan 06 16:20:16 CET 2020;ServerSide.AcceptClients;INFO;run;---> Client number 1 is connected. <---;
Mon Jan 06 16:20:19 CET 2020;ServerSide.AcceptClients;INFO;run;User connection accepted for : Aurelien;
Mon Jan 06 16:20:21 CET 2020;ServerSide.SendShareList;INFO;<init>;The list of available files in the Share for the user Aurelien has been correctly sent;
Mon Jan 06 16:20:24 CET 2020;ServerSide.DeleteSharedFile;INFO;<init>;The file AurelienDoc.txt has been deleted by Aurelien;
Mon Jan 06 21:44:33 CET 2020;ServerSide.ServerSideMain;INFO;main;<--- Start listening to clients --->;
Mon Jan 06 21:44:34 CET 2020;ServerSide.AcceptClients;INFO;run;---> Client number 1 is connected. <---;
Mon Jan 06 21:44:51 CET 2020;ServerSide.AcceptClients;INFO;run;User connection accepted for : Aurelien;
Mon Jan 06 21:45:02 CET 2020;ServerSide.ServerSideMain;INFO;main;<--- Start listening to clients --->;
Mon Jan 06 21:45:03 CET 2020;ServerSide.AcceptClients;INFO;run;---> Client number 1 is connected. <---;
Mon Jan 06 21:45:06 CET 2020;ServerSide.AcceptClients;INFO;run;User connection accepted for : Aurelien;
Mon Jan 06 21:46:03 CET 2020;ServerSide.ReceivedAFile;SEVERE;<init>;Failed to receive file.;
Mon Jan 06 21:47:25 CET 2020;ServerSide.ServerSideMain;INFO;main;<--- Start listening to clients --->;
Mon Jan 06 21:47:26 CET 2020;ServerSide.AcceptClients;INFO;run;---> Client number 1 is connected. <---;
Mon Jan 06 21:47:29 CET 2020;ServerSide.AcceptClients;INFO;run;User connection accepted for : Aurelien;
