Sat Jan 04 11:19:21 CET 2020;ServerSide.AcceptClients;INFO;run;User connection accepted for : Aurelien;
Sat Jan 04 11:22:18 CET 2020;ServerSide.AcceptClients;INFO;run;User connection accepted for : Aurelien;
Sat Jan 04 11:25:23 CET 2020;ServerSide.AcceptClients;INFO;run;User connection accepted for : Aurelien;
Sat Jan 04 11:27:41 CET 2020;ServerSide.AcceptClients;INFO;run;User connection accepted for : Aurelien;
Sat Jan 04 11:31:22 CET 2020;ServerSide.AcceptClients;INFO;run;User connection accepted for : Aurelien;
Sat Jan 04 11:36:04 CET 2020;ServerSide.AcceptClients;INFO;run;User connection accepted for : Aurelien;
Sat Jan 04 11:41:49 CET 2020;ServerSide.AcceptClients;INFO;run;User connection accepted for : Aurelien;
Sat Jan 04 11:42:23 CET 2020;ServerSide.SendList;INFO;<init>;The list of available files for the user Aurelien has been correctly sent;
Sat Jan 04 11:42:32 CET 2020;ServerSide.SendList;INFO;<init>;The list of available files for the user Aurelien has been correctly sent;
Sat Jan 04 11:44:54 CET 2020;ServerSide.AcceptClients;INFO;run;User connection accepted for : Aurelien;
Sat Jan 04 11:44:55 CET 2020;ServerSide.SendList;INFO;<init>;The list of available files for the user Aurelien has been correctly sent;
Sat Jan 04 11:45:51 CET 2020;ServerSide.AcceptClients;INFO;run;User connection accepted for : Aurelien;
Sat Jan 04 11:45:54 CET 2020;ServerSide.SendList;INFO;<init>;The list of available files for the user Aurelien has been correctly sent;
Sat Jan 04 11:48:19 CET 2020;ServerSide.AcceptClients;INFO;run;User connection accepted for : Aurelien;
Sat Jan 04 11:48:57 CET 2020;ServerSide.AcceptClients;INFO;run;User connection accepted for : Aurelien;
Sat Jan 04 11:49:01 CET 2020;ServerSide.SendList;INFO;<init>;The list of available files for the user Aurelien has been correctly sent;
Sat Jan 04 11:50:32 CET 2020;ServerSide.AcceptClients;INFO;run;User connection accepted for : Aurelien;
Sat Jan 04 11:50:34 CET 2020;ServerSide.SendList;INFO;<init>;The list of available files for the user Aurelien has been correctly sent;
Sat Jan 04 11:55:31 CET 2020;ServerSide.AcceptClients;INFO;run;User connection accepted for : Aurelien;
Sat Jan 04 11:55:33 CET 2020;ServerSide.SendList;INFO;<init>;The list of available files for the user Aurelien has been correctly sent;
Sat Jan 04 11:56:01 CET 2020;ServerSide.AcceptClients;INFO;run;User connection accepted for : Aurelien;
Sat Jan 04 11:56:02 CET 2020;ServerSide.SendList;INFO;<init>;The list of available files for the user Aurelien has been correctly sent;
Sat Jan 04 11:57:23 CET 2020;ServerSide.AcceptClients;INFO;run;User connection accepted for : Aurelien;
Sat Jan 04 11:57:24 CET 2020;ServerSide.SendList;INFO;<init>;The list of available files for the user Aurelien has been correctly sent;
Sat Jan 04 11:57:40 CET 2020;ServerSide.AcceptClients;INFO;run;User connection accepted for : Aurelien;
Sat Jan 04 11:57:41 CET 2020;ServerSide.SendList;INFO;<init>;The list of available files for the user Aurelien has been correctly sent;
Sat Jan 04 11:58:55 CET 2020;ServerSide.AcceptClients;INFO;run;User connection accepted for : Aurelien;
Sat Jan 04 11:58:56 CET 2020;ServerSide.SendList;INFO;<init>;The list of available files for the user Aurelien has been correctly sent;
Sat Jan 04 12:00:17 CET 2020;ServerSide.AcceptClients;INFO;run;User connection accepted for : Aurelien;
Sat Jan 04 12:00:19 CET 2020;ServerSide.SendList;INFO;<init>;The list of available files for the user Aurelien has been correctly sent;
Sat Jan 04 12:01:01 CET 2020;ServerSide.AcceptClients;INFO;run;User connection accepted for : Aurelien;
Sat Jan 04 12:01:03 CET 2020;ServerSide.SendList;INFO;<init>;The list of available files for the user Aurelien has been correctly sent;
Sat Jan 04 12:03:38 CET 2020;ServerSide.AcceptClients;INFO;run;User connection accepted for : Aurelien;
Sat Jan 04 12:03:41 CET 2020;ServerSide.SendList;INFO;<init>;The list of available files for the user Aurelien has been correctly sent;
Sat Jan 04 12:03:48 CET 2020;ServerSide.DeleteFile;SEVERE;<init>;Fatal error when trying to delete file : nullfrom user :Aurelien;
Sat Jan 04 15:31:47 CET 2020;ServerSide.AcceptClients;INFO;run;User connection accepted for : Aurelien;
Sat Jan 04 15:32:21 CET 2020;ServerSide.SendList;INFO;<init>;The list of available files for the user Aurelien has been correctly sent;
Sat Jan 04 15:46:38 CET 2020;ServerSide.AcceptClients;WARNING;run;Failed to connect with the username : Aurelien;
Sat Jan 04 15:46:38 CET 2020;ServerSide.AcceptClients;SEVERE;run;Failed to receive menu choice from client : Aurelien;
Sat Jan 04 15:47:03 CET 2020;ServerSide.AcceptClients;INFO;run;User connection accepted for : Aurelien;
Sat Jan 04 15:47:06 CET 2020;ServerSide.SendList;INFO;<init>;The list of available files for the user Aurelien has been correctly sent;
Sat Jan 04 15:47:28 CET 2020;ServerSide.DeleteFile;INFO;<init>;The file itWorksOnMyMachine.PNG has been deleted by Aurelien;
Sat Jan 04 15:47:35 CET 2020;ServerSide.AcceptClients;WARNING;executeAction;User Aurelien has closed the connection.;
Sat Jan 04 15:49:44 CET 2020;ServerSide.AcceptClients;INFO;run;New user added in DB : Joseph;
Sat Jan 04 15:49:44 CET 2020;ServerSide.AcceptClients;INFO;run;New folder created for the new user : Joseph;
Sat Jan 04 15:50:23 CET 2020;ServerSide.ReceivedAFile;SEVERE;append;Method append - Failed to list file;
Sat Jan 04 15:50:23 CET 2020;ServerSide.ReceivedAFile;SEVERE;<init>;Failed to receive file.;
Sat Jan 04 15:50:24 CET 2020;ServerSide.AcceptClients;SEVERE;run;Failed to receive menu choice from client : null;
Sat Jan 04 15:57:13 CET 2020;ServerSide.AcceptClients;INFO;run;New user added in DB : Jose;
Sat Jan 04 15:57:13 CET 2020;ServerSide.AcceptClients;INFO;run;New folder created for the new user : Jose;
Sat Jan 04 15:57:13 CET 2020;ServerSide.AcceptClients;SEVERE;append;Method append - Failed to do files list;
Sat Jan 04 15:57:13 CET 2020;ServerSide.AcceptClients;SEVERE;run;Failed to receive menu choice from client : null;
Sat Jan 04 16:00:12 CET 2020;ServerSide.AcceptClients;INFO;run;New user added in DB : Pierre;
Sat Jan 04 16:00:12 CET 2020;ServerSide.AcceptClients;INFO;run;New folder created for the new user : Pierre;
Sat Jan 04 16:00:28 CET 2020;ServerSide.AcceptClients;SEVERE;run;Failed to receive menu choice from client : null;
Sat Jan 04 16:03:46 CET 2020;ServerSide.AcceptClients;INFO;run;New user added in DB : Roger;
Sat Jan 04 16:03:46 CET 2020;ServerSide.AcceptClients;INFO;run;New folder created for the new user : Roger;
Sat Jan 04 16:04:08 CET 2020;ServerSide.AcceptClients;SEVERE;run;Failed to receive menu choice from client : null;
Sat Jan 04 16:05:02 CET 2020;ServerSide.AcceptClients;INFO;run;User connection accepted for : Aurelien;
Sat Jan 04 16:05:07 CET 2020;ServerSide.AcceptClients;SEVERE;run;Failed to receive menu choice from client : Aurelien;
Sat Jan 04 16:05:17 CET 2020;ServerSide.AcceptClients;INFO;run;User connection accepted for : Aurelien;
Sat Jan 04 16:09:13 CET 2020;ServerSide.AcceptClients;SEVERE;run;Failed to receive menu choice from client : null;
Sat Jan 04 16:09:24 CET 2020;ServerSide.AcceptClients;INFO;run;New user added in DB : Rodrigo;
Sat Jan 04 16:09:24 CET 2020;ServerSide.AcceptClients;INFO;run;New folder created for the new user : Rodrigo;
Sat Jan 04 16:09:42 CET 2020;ServerSide.AcceptClients;SEVERE;run;Failed to receive menu choice from client : null;
Sat Jan 04 16:10:32 CET 2020;ServerSide.AcceptClients;SEVERE;run;Failed to receive menu choice from client : null;
Sat Jan 04 16:10:43 CET 2020;ServerSide.AcceptClients;INFO;run;User connection accepted for : Roger;
Sat Jan 04 16:10:44 CET 2020;ServerSide.SendList;INFO;<init>;No files are available for user Roger;
Sat Jan 04 16:11:33 CET 2020;ServerSide.AcceptClients;INFO;run;User connection accepted for : Aurelien;
Sat Jan 04 16:11:35 CET 2020;ServerSide.SendList;INFO;<init>;The list of available files for the user Aurelien has been correctly sent;
Sat Jan 04 16:11:43 CET 2020;ServerSide.DeleteFile;INFO;<init>;Wrong file name or password for the file xxx.txtfrom user :Aurelien;
Sat Jan 04 16:12:03 CET 2020;ServerSide.AcceptClients;WARNING;executeAction;User Aurelien has closed the connection.;
